Log file open, 09/05/22 12:52:37
LogWindows: Failed to load 'aqProf.dll' (GetLastError=126)
LogWindows: File 'aqProf.dll' does not exist
LogWindows: Failed to load 'VtuneApi.dll' (GetLastError=126)
LogWindows: File 'VtuneApi.dll' does not exist
LogWindows: Failed to load 'VtuneApi32e.dll' (GetLastError=126)
LogWindows: File 'VtuneApi32e.dll' does not exist
LogConsoleResponse: Display: Failed to find resolution value strings in scalability ini. Falling back to default.
LogConsoleResponse: Display: Failed to find resolution value strings in scalability ini. Falling back to default.
LogInit: Display: Running engine for game: ue_git
LogPlatformFile: Not using cached read wrapper
LogTaskGraph: Started task graph with 5 named threads and 47 total threads with 3 sets of task threads.
LogStats: Stats thread started at 0.263073
LogICUInternationalization: ICU TimeZone Detection - Raw Offset: +9:00, Platform Override: ''
LogInit: Display: Loading text-based GConfig....
LogPluginManager: Mounting plugin MegascansPlugin
LogPluginManager: Mounting plugin MeshPainting
LogPluginManager: Mounting plugin XGEController
LogPluginManager: Mounting plugin AISupport
LogPluginManager: Mounting plugin LightPropagationVolume
LogPluginManager: Mounting plugin Paper2D
LogPluginManager: Mounting plugin EnvironmentQueryEditor
LogPluginManager: Mounting plugin CameraShakePreviewer
LogPluginManager: Mounting plugin OodleData
LogPluginManager: Mounting plugin OodleNetwork
LogPluginManager: Mounting plugin LiveLink
LogPluginManager: Mounting plugin DatasmithContent
LogPluginManager: Mounting plugin GameplayCameras
LogPluginManager: Mounting plugin VariantManagerContent
LogPluginManager: Mounting plugin AnimationSharing
LogPluginManager: Mounting plugin CLionSourceCodeAccess
LogPluginManager: Mounting plugin CodeLiteSourceCodeAccess
LogPluginManager: Mounting plugin GitSourceControl
LogPluginManager: Mounting plugin KDevelopSourceCodeAccess
LogPluginManager: Mounting plugin NullSourceCodeAccess
LogPluginManager: Mounting plugin PerforceSourceControl
LogPluginManager: Mounting plugin PixWinPlugin
LogPluginManager: Mounting plugin PlasticSourceControl
LogPluginManager: Mounting plugin PluginUtils
LogPluginManager: Mounting plugin SubversionSourceControl
LogPluginManager: Mounting plugin RiderSourceCodeAccess
LogPluginManager: Mounting plugin PropertyAccessNode
LogPluginManager: Mounting plugin TextureFormatOodle
LogPluginManager: Mounting plugin VisualStudioCodeSourceCodeAccess
LogPluginManager: Mounting plugin AlembicImporter
LogPluginManager: Mounting plugin AutomationUtils
LogPluginManager: Mounting plugin UObjectPlugin
LogPluginManager: Mounting plugin XCodeSourceCodeAccess
LogPluginManager: Mounting plugin VisualStudioSourceCodeAccess
LogPluginManager: Mounting plugin ChaosCloth
LogPluginManager: Mounting plugin BackChannel
LogPluginManager: Mounting plugin ChaosClothEditor
LogPluginManager: Mounting plugin ChaosSolverPlugin
LogPluginManager: Mounting plugin ChaosNiagara
LogPluginManager: Mounting plugin ChaosEditor
LogPluginManager: Mounting plugin CharacterAI
LogPluginManager: Mounting plugin LuminPlatformFeatures
LogPluginManager: Mounting plugin MagicLeap
LogPluginManager: Mounting plugin GeometryCache
LogPluginManager: Mounting plugin GeometryCollectionPlugin
LogPluginManager: Mounting plugin MagicLeapLightEstimation
LogPluginManager: Mounting plugin MagicLeapMedia
LogPluginManager: Mounting plugin MagicLeapPassableWorld
LogPluginManager: Mounting plugin GeometryProcessing
LogPluginManager: Mounting plugin MLSDK
LogPluginManager: Mounting plugin OpenImageDenoise
LogPluginManager: Mounting plugin MotoSynth
LogPluginManager: Mounting plugin PythonScriptPlugin
LogPluginManager: Mounting plugin ProxyLODPlugin
LogPluginManager: Mounting plugin PlanarCut
LogPluginManager: Mounting plugin PlatformCrypto
LogPluginManager: Mounting plugin SkeletalReduction
LogPluginManager: Mounting plugin Niagara
LogPluginManager: Mounting plugin AssetManagerEditor
LogPluginManager: Mounting plugin AndroidMedia
LogPluginManager: Mounting plugin AvfMedia
LogPluginManager: Mounting plugin CryptoKeys
LogPluginManager: Mounting plugin CurveEditorTools
LogPluginManager: Mounting plugin EditorScriptingUtilities
LogPluginManager: Mounting plugin GameplayTagsEditor
LogPluginManager: Mounting plugin DataValidation
LogPluginManager: Mounting plugin GeometryMode
LogPluginManager: Mounting plugin ImgMedia
LogPluginManager: Mounting plugin FacialAnimation
LogPluginManager: Mounting plugin MediaCompositing
LogPluginManager: Mounting plugin MaterialAnalyzer
LogPluginManager: Mounting plugin MacGraphicsSwitching
LogPluginManager: Mounting plugin MobileLauncherProfileWizard
LogPluginManager: Mounting plugin TcpMessaging
LogPluginManager: Mounting plugin SpeedTreeImporter
LogPluginManager: Mounting plugin PluginBrowser
LogPluginManager: Mounting plugin MediaPlayerEditor
LogPluginManager: Mounting plugin WmfMedia
LogPluginManager: Mounting plugin WebMMedia
LogPluginManager: Mounting plugin UdpMessaging
LogPluginManager: Mounting plugin OnlineSubsystem
LogPluginManager: Mounting plugin OnlineSubsystemNull
LogPluginManager: Mounting plugin OnlineSubsystemUtils
LogPluginManager: Mounting plugin ActorSequence
LogPluginManager: Mounting plugin MatineeToLevelSequence
LogPluginManager: Mounting plugin LevelSequenceEditor
LogPluginManager: Mounting plugin ActorLayerUtilities
LogPluginManager: Mounting plugin TemplateSequence
LogPluginManager: Mounting plugin AndroidDeviceProfileSelector
LogPluginManager: Mounting plugin LauncherChunkInstaller
LogPluginManager: Mounting plugin AndroidPermission
LogPluginManager: Mounting plugin AndroidMoviePlayer
LogPluginManager: Mounting plugin AppleImageUtils
LogPluginManager: Mounting plugin AppleMoviePlayer
LogPluginManager: Mounting plugin AssetTags
LogPluginManager: Mounting plugin ArchVisCharacter
LogPluginManager: Mounting plugin ChunkDownloader
LogPluginManager: Mounting plugin AudioCapture
LogPluginManager: Mounting plugin CustomMeshComponent
LogPluginManager: Mounting plugin AudioSynesthesia
LogPluginManager: Mounting plugin ExampleDeviceProfileSelector
LogPluginManager: Mounting plugin EditableMesh
LogPluginManager: Mounting plugin CableComponent
LogPluginManager: Mounting plugin GooglePAD
LogPluginManager: Mounting plugin GoogleCloudMessaging
LogPluginManager: Mounting plugin LinuxDeviceProfileSelector
LogPluginManager: Mounting plugin IOSDeviceProfileSelector
LogPluginManager: Mounting plugin LocationServicesBPLibrary
LogPluginManager: Mounting plugin MobilePatchingUtils
LogPluginManager: Mounting plugin OpenXRHandTracking
LogPluginManager: Mounting plugin OpenXR
LogPluginManager: Mounting plugin PhysXVehicles
LogPluginManager: Mounting plugin OpenXREyeTracker
LogPluginManager: Mounting plugin Takes
LogPluginManager: Mounting plugin PostSplashScreen
LogPluginManager: Mounting plugin PropertyAccessEditor
LogPluginManager: Mounting plugin ProceduralMeshComponent
LogPluginManager: Mounting plugin SoundFields
LogPluginManager: Mounting plugin RuntimePhysXCooking
LogPluginManager: Mounting plugin SignificanceManager
LogPluginManager: Mounting plugin Synthesis
LogPluginManager: Mounting plugin WebMMoviePlayer
LogPluginManager: Mounting plugin ScreenshotTools
LogPluginManager: Mounting plugin WindowsMoviePlayer
LogPluginManager: Mounting plugin ContentBrowserAssetDataSource
LogPluginManager: Mounting plugin ContentBrowserFileDataSource
LogPluginManager: Mounting plugin ContentBrowserClassDataSource
LogPluginManager: Mounting plugin OnlineSubsystemIOS
LogPluginManager: Mounting plugin OnlineSubsystemGooglePlay
LogPluginManager: Mounting plugin DatabaseSupport
LogPluginManager: Mounting plugin SQLiteSupport
LogPluginManager: Mounting plugin SQLiteCore
LogPluginManager: Mounting plugin OculusVR
LogPluginManager: Mounting plugin SteamVR
PixWinPlugin: PIX capture plugin failed to initialize! Check that the process is launched from PIX.
LogLuminAPIImpl: Warning: MLSDK not found.  This likely means the MLSDK environment variable is not set.
LogInit: Using libcurl 7.55.1-DEV
LogInit:  - built for x86_64-pc-win32
LogInit:  - supports SSL with OpenSSL/1.1.1
LogInit:  - supports HTTP deflate (compression) using libz 1.2.8
LogInit:  - other features:
LogInit:      CURL_VERSION_SSL
LogInit:      CURL_VERSION_LIBZ
LogInit:      CURL_VERSION_IPV6
LogInit:      CURL_VERSION_ASYNCHDNS
LogInit:      CURL_VERSION_LARGEFILE
LogInit:      CURL_VERSION_IDN
LogInit:  CurlRequestOptions (configurable via config and command line):
LogInit:  - bVerifyPeer = true  - Libcurl will verify peer certificate
LogInit:  - bUseHttpProxy = false  - Libcurl will NOT use HTTP proxy
LogInit:  - bDontReuseConnections = false  - Libcurl will reuse connections
LogInit:  - MaxHostConnections = 16  - Libcurl will limit the number of connections to a host
LogInit:  - LocalHostAddr = Default
LogInit:  - BufferSize = 65536
LogOnline: OSS: Creating online subsystem instance for: NULL
LogInit: WinSock: version 1.1 (2.2), MaxSocks=32767, MaxUdp=65467
LogOnline: OSS: TryLoadSubsystemAndSetDefault: Loaded subsystem for module [NULL]
LogOculusPluginWrapper: OculusPlugin initialized successfully
LogHMD: Failed initializing OVRPlugin 1.59.0
LogInit: Build: ++UE4+Release-4.27-CL-18319896
LogInit: Engine Version: 4.27.2-18319896+++UE4+Release-4.27
LogInit: Compatible Engine Version: 4.27.0-17155196+++UE4+Release-4.27
LogInit: Net CL: 17155196
LogInit: OS: Windows 10 (Release 2009) (), CPU: AMD Ryzen 9 5900HX with Radeon Graphics        , GPU: AMD Radeon(TM) Graphics
LogInit: Compiled (64-bit): Nov 30 2021 07:12:08
LogInit: Compiled with Visual C++: 19.24.28315.00
LogInit: Build Configuration: Development
LogInit: Branch Name: ++UE4+Release-4.27
LogInit: Command Line:  -EpicPortal -epicusername=Codinguist -epicuserid=708b0e627b6f42c1b8bf870b97f0f7d3 -epiclocale=ko -epicsandboxid=ue
LogInit: Base Directory: C:/Program Files/Epic Games/UE_4.27/Engine/Binaries/Win64/
LogInit: Allocator: TBB
LogInit: Installed Engine Build: 1
LogDevObjectVersion: Number of dev versions registered: 29
LogDevObjectVersion:   Dev-Blueprints (B0D832E4-1F89-4F0D-ACCF-7EB736FD4AA2): 10
LogDevObjectVersion:   Dev-Build (E1C64328-A22C-4D53-A36C-8E866417BD8C): 0
LogDevObjectVersion:   Dev-Core (375EC13C-06E4-48FB-B500-84F0262A717E): 4
LogDevObjectVersion:   Dev-Editor (E4B068ED-F494-42E9-A231-DA0B2E46BB41): 40
LogDevObjectVersion:   Dev-Framework (CFFC743F-43B0-4480-9391-14DF171D2073): 37
LogDevObjectVersion:   Dev-Mobile (B02B49B5-BB20-44E9-A304-32B752E40360): 3
LogDevObjectVersion:   Dev-Networking (A4E4105C-59A1-49B5-A7C5-40C4547EDFEE): 0
LogDevObjectVersion:   Dev-Online (39C831C9-5AE6-47DC-9A44-9C173E1C8E7C): 0
LogDevObjectVersion:   Dev-Physics (78F01B33-EBEA-4F98-B9B4-84EACCB95AA2): 14
LogDevObjectVersion:   Dev-Platform (6631380F-2D4D-43E0-8009-CF276956A95A): 0
LogDevObjectVersion:   Dev-Rendering (12F88B9F-8875-4AFC-A67C-D90C383ABD29): 45
LogDevObjectVersion:   Dev-Sequencer (7B5AE74C-D270-4C10-A958-57980B212A5A): 13
LogDevObjectVersion:   Dev-VR (D7296918-1DD6-4BDD-9DE2-64A83CC13884): 3
LogDevObjectVersion:   Dev-LoadTimes (C2A15278-BFE7-4AFE-6C17-90FF531DF755): 1
LogDevObjectVersion:   Private-Geometry (6EACA3D4-40EC-4CC1-B786-8BED09428FC5): 3
LogDevObjectVersion:   Dev-AnimPhys (29E575DD-E0A3-4627-9D10-D276232CDCEA): 17
LogDevObjectVersion:   Dev-Anim (AF43A65D-7FD3-4947-9873-3E8ED9C1BB05): 15
LogDevObjectVersion:   Dev-ReflectionCapture (6B266CEC-1EC7-4B8F-A30B-E4D90942FC07): 1
LogDevObjectVersion:   Dev-Automation (0DF73D61-A23F-47EA-B727-89E90C41499A): 1
LogDevObjectVersion:   FortniteMain (601D1886-AC64-4F84-AA16-D3DE0DEAC7D6): 47
LogDevObjectVersion:   FortniteRelease (E7086368-6B23-4C58-8439-1B7016265E91): 1
LogDevObjectVersion:   Dev-Enterprise (9DFFBCD6-494F-0158-E221-12823C92A888): 10
LogDevObjectVersion:   Dev-Niagara (F2AED0AC-9AFE-416F-8664-AA7FFA26D6FC): 1
LogDevObjectVersion:   Dev-Destruction (174F1F0B-B4C6-45A5-B13F-2EE8D0FB917D): 10
LogDevObjectVersion:   Dev-Physics-Ext (35F94A83-E258-406C-A318-09F59610247C): 41
LogDevObjectVersion:   Dev-PhysicsMaterial-Chaos (B68FC16E-8B1B-42E2-B453-215C058844FE): 1
LogDevObjectVersion:   Dev-CineCamera (B2E18506-4273-CFC2-A54E-F4BB758BBA07): 1
LogDevObjectVersion:   Dev-VirtualProduction (64F58936-FD1B-42BA-BA96-7289D5D0FA4E): 1
LogDevObjectVersion:   Dev-MediaFramework (6F0ED827-A609-4895-9C91-998D90180EA4): 2
LogInit: Presizing for max 25165824 objects, including 0 objects not considered by GC, pre-allocating 0 bytes for permanent pool.
LogConfig: Applying CVar settings from Section [/Script/Engine.StreamingSettings] File [C:/unrealmeta2/ue_git/Saved/Config/Windows/Engine.ini]
LogConfig: Setting CVar [[s.MinBulkDataSizeForAsyncLoading:131072]]
LogConfig: Setting CVar [[s.AsyncLoadingThreadEnabled:0]]
LogConfig: Setting CVar [[s.EventDrivenLoaderEnabled:1]]
LogConfig: Setting CVar [[s.WarnIfTimeLimitExceeded:0]]
LogConfig: Setting CVar [[s.TimeLimitExceededMultiplier:1.5]]
LogConfig: Setting CVar [[s.TimeLimitExceededMinTime:0.005]]
LogConfig: Setting CVar [[s.UseBackgroundLevelStreaming:1]]
LogConfig: Setting CVar [[s.PriorityAsyncLoadingExtraTime:15.0]]
LogConfig: Setting CVar [[s.LevelStreamingActorsUpdateTimeLimit:5.0]]
LogConfig: Setting CVar [[s.PriorityLevelStreamingActorsUpdateExtraTime:5.0]]
LogConfig: Setting CVar [[s.LevelStreamingComponentsRegistrationGranularity:10]]
LogConfig: Setting CVar [[s.UnregisterComponentsTimeLimit:1.0]]
LogConfig: Setting CVar [[s.LevelStreamingComponentsUnregistrationGranularity:5]]
LogConfig: Setting CVar [[s.FlushStreamingOnExit:1]]
LogInit: Object subsystem initialized
LogConfig: Setting CVar [[con.DebugEarlyDefault:1]]
LogConfig: Setting CVar [[r.setres:1280x720]]
[2022.09.05-03.52.38:275][  0]LogConfig: Setting CVar [[r.VSync:0]]
[2022.09.05-03.52.38:275][  0]LogConfig: Setting CVar [[r.RHICmdBypass:0]]
[2022.09.05-03.52.38:275][  0]LogConfig: Applying CVar settings from Section [/Script/Engine.RendererSettings] File [C:/unrealmeta2/ue_git/Saved/Config/Windows/Engine.ini]
[2022.09.05-03.52.38:275][  0]LogConfig: Setting CVar [[r.GPUCrashDebugging:0]]
[2022.09.05-03.52.38:275][  0]LogConfig: Applying CVar settings from Section [/Script/Engine.RendererOverrideSettings] File [C:/unrealmeta2/ue_git/Saved/Config/Windows/Engine.ini]
[2022.09.05-03.52.38:275][  0]LogConfig: Applying CVar settings from Section [/Script/Engine.StreamingSettings] File [C:/unrealmeta2/ue_git/Saved/Config/Windows/Engine.ini]
[2022.09.05-03.52.38:275][  0]LogConfig: Setting CVar [[s.MinBulkDataSizeForAsyncLoading:131072]]
[2022.09.05-03.52.38:275][  0]LogConfig: Setting CVar [[s.AsyncLoadingThreadEnabled:0]]
[2022.09.05-03.52.38:275][  0]LogConfig: Setting CVar [[s.EventDrivenLoaderEnabled:1]]
[2022.09.05-03.52.38:275][  0]LogConfig: Setting CVar [[s.WarnIfTimeLimitExceeded:0]]
[2022.09.05-03.52.38:275][  0]LogConfig: Setting CVar [[s.TimeLimitExceededMultiplier:1.5]]
[2022.09.05-03.52.38:275][  0]LogConfig: Setting CVar [[s.TimeLimitExceededMinTime:0.005]]
[2022.09.05-03.52.38:275][  0]LogConfig: Setting CVar [[s.UseBackgroundLevelStreaming:1]]
[2022.09.05-03.52.38:275][  0]LogConfig: Setting CVar [[s.PriorityAsyncLoadingExtraTime:15.0]]
[2022.09.05-03.52.38:275][  0]LogConfig: Setting CVar [[s.LevelStreamingActorsUpdateTimeLimit:5.0]]
[2022.09.05-03.52.38:275][  0]LogConfig: Setting CVar [[s.PriorityLevelStreamingActorsUpdateExtraTime:5.0]]
[2022.09.05-03.52.38:275][  0]LogConfig: Setting CVar [[s.LevelStreamingComponentsRegistrationGranularity:10]]
[2022.09.05-03.52.38:275][  0]LogConfig: Setting CVar [[s.UnregisterComponentsTimeLimit:1.0]]
[2022.09.05-03.52.38:275][  0]LogConfig: Setting CVar [[s.LevelStreamingComponentsUnregistrationGranularity:5]]
[2022.09.05-03.52.38:275][  0]LogConfig: Setting CVar [[s.FlushStreamingOnExit:1]]
[2022.09.05-03.52.38:275][  0]LogConfig: Applying CVar settings from Section [/Script/Engine.GarbageCollectionSettings] File [C:/unrealmeta2/ue_git/Saved/Config/Windows/Engine.ini]
[2022.09.05-03.52.38:275][  0]LogConfig: Setting CVar [[gc.MaxObjectsNotConsideredByGC:1]]
[2022.09.05-03.52.38:275][  0]LogConfig: Setting CVar [[gc.SizeOfPermanentObjectPool:0]]
[2022.09.05-03.52.38:275][  0]LogConfig: Setting CVar [[gc.FlushStreamingOnGC:0]]
[2022.09.05-03.52.38:275][  0]LogConfig: Setting CVar [[gc.NumRetriesBeforeForcingGC:10]]
[2022.09.05-03.52.38:275][  0]LogConfig: Setting CVar [[gc.AllowParallelGC:1]]
[2022.09.05-03.52.38:275][  0]LogConfig: Setting CVar [[gc.TimeBetweenPurgingPendingKillObjects:61.1]]
[2022.09.05-03.52.38:275][  0]LogConfig: Setting CVar [[gc.MaxObjectsInEditor:25165824]]
[2022.09.05-03.52.38:275][  0]LogConfig: Setting CVar [[gc.IncrementalBeginDestroyEnabled:1]]
[2022.09.05-03.52.38:275][  0]LogConfig: Setting CVar [[gc.CreateGCClusters:1]]
[2022.09.05-03.52.38:275][  0]LogConfig: Setting CVar [[gc.MinGCClusterSize:5]]
[2022.09.05-03.52.38:275][  0]LogConfig: Setting CVar [[gc.ActorClusteringEnabled:0]]
[2022.09.05-03.52.38:275][  0]LogConfig: Setting CVar [[gc.BlueprintClusteringEnabled:0]]
[2022.09.05-03.52.38:275][  0]LogConfig: Setting CVar [[gc.UseDisregardForGCOnDedicatedServers:0]]
[2022.09.05-03.52.38:275][  0]LogConfig: Setting CVar [[gc.MultithreadedDestructionEnabled:1]]
[2022.09.05-03.52.38:275][  0]LogConfig: Applying CVar settings from Section [/Script/Engine.NetworkSettings] File [C:/unrealmeta2/ue_git/Saved/Config/Windows/Engine.ini]
[2022.09.05-03.52.38:275][  0]LogConfig: Applying CVar settings from Section [/Script/UnrealEd.CookerSettings] File [C:/unrealmeta2/ue_git/Saved/Config/Windows/Engine.ini]
[2022.09.05-03.52.38:297][  0]LogConfig: Applying CVar settings from Section [ViewDistanceQuality@3] File [C:/unrealmeta2/ue_git/Saved/Config/Windows/Scalability.ini]
[2022.09.05-03.52.38:297][  0]LogConfig: Setting CVar [[r.SkeletalMeshLODBias:0]]
[2022.09.05-03.52.38:297][  0]LogConfig: Setting CVar [[r.ViewDistanceScale:1.0]]
[2022.09.05-03.52.38:297][  0]LogConfig: Applying CVar settings from Section [AntiAliasingQuality@3] File [C:/unrealmeta2/ue_git/Saved/Config/Windows/Scalability.ini]
[2022.09.05-03.52.38:297][  0]LogConfig: Setting CVar [[r.PostProcessAAQuality:4]]
[2022.09.05-03.52.38:297][  0]LogConfig: Applying CVar settings from Section [ShadowQuality@3] File [C:/unrealmeta2/ue_git/Saved/Config/Windows/Scalability.ini]
[2022.09.05-03.52.38:297][  0]LogConfig: Setting CVar [[r.LightFunctionQuality:1]]
[2022.09.05-03.52.38:297][  0]LogConfig: Setting CVar [[r.ShadowQuality:5]]
[2022.09.05-03.52.38:297][  0]LogConfig: Setting CVar [[r.Shadow.CSM.MaxCascades:10]]
[2022.09.05-03.52.38:297][  0]LogConfig: Setting CVar [[r.Shadow.MaxResolution:2048]]
[2022.09.05-03.52.38:297][  0]LogConfig: Setting CVar [[r.Shadow.MaxCSMResolution:2048]]
[2022.09.05-03.52.38:297][  0]LogConfig: Setting CVar [[r.Shadow.RadiusThreshold:0.01]]
[2022.09.05-03.52.38:297][  0]LogConfig: Setting CVar [[r.Shadow.DistanceScale:1.0]]
[2022.09.05-03.52.38:297][  0]LogConfig: Setting CVar [[r.Shadow.CSM.TransitionScale:1.0]]
[2022.09.05-03.52.38:297][  0]LogConfig: Setting CVar [[r.Shadow.PreShadowResolutionFactor:1.0]]
[2022.09.05-03.52.38:298][  0]LogConfig: Setting CVar [[r.DistanceFieldShadowing:1]]
[2022.09.05-03.52.38:298][  0]LogConfig: Setting CVar [[r.DistanceFieldAO:1]]
[2022.09.05-03.52.38:298][  0]LogConfig: Setting CVar [[r.AOQuality:2]]
[2022.09.05-03.52.38:298][  0]LogConfig: Setting CVar [[r.VolumetricFog:1]]
[2022.09.05-03.52.38:298][  0]LogConfig: Setting CVar [[r.VolumetricFog.GridPixelSize:8]]
[2022.09.05-03.52.38:298][  0]LogConfig: Setting CVar [[r.VolumetricFog.GridSizeZ:128]]
[2022.09.05-03.52.38:298][  0]LogConfig: Setting CVar [[r.VolumetricFog.HistoryMissSupersampleCount:4]]
[2022.09.05-03.52.38:298][  0]LogConfig: Setting CVar [[r.LightMaxDrawDistanceScale:1]]
[2022.09.05-03.52.38:298][  0]LogConfig: Setting CVar [[r.CapsuleShadows:1]]
[2022.09.05-03.52.38:298][  0]LogConfig: Applying CVar settings from Section [PostProcessQuality@3] File [C:/unrealmeta2/ue_git/Saved/Config/Windows/Scalability.ini]
[2022.09.05-03.52.38:298][  0]LogConfig: Setting CVar [[r.MotionBlurQuality:4]]
[2022.09.05-03.52.38:298][  0]LogConfig: Setting CVar [[r.AmbientOcclusionMipLevelFactor:0.4]]
[2022.09.05-03.52.38:298][  0]LogConfig: Setting CVar [[r.AmbientOcclusionMaxQuality:100]]
[2022.09.05-03.52.38:298][  0]LogConfig: Setting CVar [[r.AmbientOcclusionLevels:-1]]
[2022.09.05-03.52.38:298][  0]LogConfig: Setting CVar [[r.AmbientOcclusionRadiusScale:1.0]]
[2022.09.05-03.52.38:298][  0]LogConfig: Setting CVar [[r.DepthOfFieldQuality:2]]
[2022.09.05-03.52.38:298][  0]LogConfig: Setting CVar [[r.RenderTargetPoolMin:400]]
[2022.09.05-03.52.38:298][  0]LogConfig: Setting CVar [[r.LensFlareQuality:2]]
[2022.09.05-03.52.38:298][  0]LogConfig: Setting CVar [[r.SceneColorFringeQuality:1]]
[2022.09.05-03.52.38:298][  0]LogConfig: Setting CVar [[r.EyeAdaptationQuality:2]]
[2022.09.05-03.52.38:298][  0]LogConfig: Setting CVar [[r.BloomQuality:5]]
[2022.09.05-03.52.38:298][  0]LogConfig: Setting CVar [[r.FastBlurThreshold:100]]
[2022.09.05-03.52.38:298][  0]LogConfig: Setting CVar [[r.Upscale.Quality:3]]
[2022.09.05-03.52.38:298][  0]LogConfig: Setting CVar [[r.Tonemapper.GrainQuantization:1]]
[2022.09.05-03.52.38:298][  0]LogConfig: Setting CVar [[r.LightShaftQuality:1]]
[2022.09.05-03.52.38:298][  0]LogConfig: Setting CVar [[r.Filter.SizeScale:1]]
[2022.09.05-03.52.38:298][  0]LogConfig: Setting CVar [[r.Tonemapper.Quality:5]]
[2022.09.05-03.52.38:298][  0]LogConfig: Setting CVar [[r.DOF.Gather.AccumulatorQuality:1        ; higher gathering accumulator quality]]
[2022.09.05-03.52.38:298][  0]LogConfig: Setting CVar [[r.DOF.Gather.PostfilterMethod:1          ; Median3x3 postfilering method]]
[2022.09.05-03.52.38:298][  0]LogConfig: Setting CVar [[r.DOF.Gather.EnableBokehSettings:0       ; no bokeh simulation when gathering]]
[2022.09.05-03.52.38:298][  0]LogConfig: Setting CVar [[r.DOF.Gather.RingCount:4                 ; medium number of samples when gathering]]
[2022.09.05-03.52.38:298][  0]LogConfig: Setting CVar [[r.DOF.Scatter.ForegroundCompositing:1    ; additive foreground scattering]]
[2022.09.05-03.52.38:298][  0]LogConfig: Setting CVar [[r.DOF.Scatter.BackgroundCompositing:2    ; additive background scattering]]
[2022.09.05-03.52.38:298][  0]LogConfig: Setting CVar [[r.DOF.Scatter.EnableBokehSettings:1      ; bokeh simulation when scattering]]
[2022.09.05-03.52.38:298][  0]LogConfig: Setting CVar [[r.DOF.Scatter.MaxSpriteRatio:0.1         ; only a maximum of 10% of scattered bokeh]]
[2022.09.05-03.52.38:298][  0]LogConfig: Setting CVar [[r.DOF.Recombine.Quality:1                ; cheap slight out of focus]]
[2022.09.05-03.52.38:298][  0]LogConfig: Setting CVar [[r.DOF.Recombine.EnableBokehSettings:0    ; no bokeh simulation on slight out of focus]]
[2022.09.05-03.52.38:298][  0]LogConfig: Setting CVar [[r.DOF.TemporalAAQuality:1                ; more stable temporal accumulation]]
[2022.09.05-03.52.38:298][  0]LogConfig: Setting CVar [[r.DOF.Kernel.MaxForegroundRadius:0.025]]
[2022.09.05-03.52.38:298][  0]LogConfig: Setting CVar [[r.DOF.Kernel.MaxBackgroundRadius:0.025]]
[2022.09.05-03.52.38:298][  0]LogConfig: Applying CVar settings from Section [TextureQuality@3] File [C:/unrealmeta2/ue_git/Saved/Config/Windows/Scalability.ini]
[2022.09.05-03.52.38:298][  0]LogConfig: Setting CVar [[r.Streaming.MipBias:0]]
[2022.09.05-03.52.38:298][  0]LogConfig: Setting CVar [[r.Streaming.AmortizeCPUToGPUCopy:0]]
[2022.09.05-03.52.38:298][  0]LogConfig: Setting CVar [[r.Streaming.MaxNumTexturesToStreamPerFrame:0]]
[2022.09.05-03.52.38:298][  0]LogConfig: Setting CVar [[r.Streaming.Boost:1]]
[2022.09.05-03.52.38:298][  0]LogConfig: Setting CVar [[r.MaxAnisotropy:8]]
[2022.09.05-03.52.38:298][  0]LogConfig: Setting CVar [[r.VT.MaxAnisotropy:8]]
[2022.09.05-03.52.38:298][  0]LogConfig: Setting CVar [[r.Streaming.LimitPoolSizeToVRAM:0]]
[2022.09.05-03.52.38:298][  0]LogConfig: Setting CVar [[r.Streaming.PoolSize:1000]]
[2022.09.05-03.52.38:298][  0]LogConfig: Setting CVar [[r.Streaming.MaxEffectiveScreenSize:0]]
[2022.09.05-03.52.38:298][  0]LogConfig: Applying CVar settings from Section [EffectsQuality@3] File [C:/unrealmeta2/ue_git/Saved/Config/Windows/Scalability.ini]
[2022.09.05-03.52.38:298][  0]LogConfig: Setting CVar [[r.TranslucencyLightingVolumeDim:64]]
[2022.09.05-03.52.38:298][  0]LogConfig: Setting CVar [[r.RefractionQuality:2]]
[2022.09.05-03.52.38:298][  0]LogConfig: Setting CVar [[r.SSR.Quality:3]]
[2022.09.05-03.52.38:298][  0]LogConfig: Setting CVar [[r.SSR.HalfResSceneColor:0]]
[2022.09.05-03.52.38:298][  0]LogConfig: Setting CVar [[r.SceneColorFormat:4]]
[2022.09.05-03.52.38:298][  0]LogConfig: Setting CVar [[r.DetailMode:2]]
[2022.09.05-03.52.38:298][  0]LogConfig: Setting CVar [[r.TranslucencyVolumeBlur:1]]
[2022.09.05-03.52.38:298][  0]LogConfig: Setting CVar [[r.MaterialQualityLevel:1 ; High quality]]
[2022.09.05-03.52.38:298][  0]LogConfig: Setting CVar [[r.AnisotropicMaterials:1]]
[2022.09.05-03.52.38:298][  0]LogConfig: Setting CVar [[r.SSS.Scale:1]]
[2022.09.05-03.52.38:298][  0]LogConfig: Setting CVar [[r.SSS.SampleSet:2]]
[2022.09.05-03.52.38:298][  0]LogConfig: Setting CVar [[r.SSS.Quality:1]]
[2022.09.05-03.52.38:298][  0]LogConfig: Setting CVar [[r.SSS.HalfRes:0]]
[2022.09.05-03.52.38:298][  0]LogConfig: Setting CVar [[r.SSGI.Quality:3]]
[2022.09.05-03.52.38:298][  0]LogConfig: Setting CVar [[r.EmitterSpawnRateScale:1.0]]
[2022.09.05-03.52.38:298][  0]LogConfig: Setting CVar [[r.ParticleLightQuality:2]]
[2022.09.05-03.52.38:298][  0]LogConfig: Setting CVar [[r.SkyAtmosphere.AerialPerspectiveLUT.FastApplyOnOpaque:1 ; Always have FastSkyLUT 1 in this case to avoid wrong sky]]
[2022.09.05-03.52.38:298][  0]LogConfig: Setting CVar [[r.SkyAtmosphere.AerialPerspectiveLUT.SampleCountMaxPerSlice:4]]
[2022.09.05-03.52.38:298][  0]LogConfig: Setting CVar [[r.SkyAtmosphere.AerialPerspectiveLUT.DepthResolution:16.0]]
[2022.09.05-03.52.38:298][  0]LogConfig: Setting CVar [[r.SkyAtmosphere.FastSkyLUT:1]]
[2022.09.05-03.52.38:298][  0]LogConfig: Setting CVar [[r.SkyAtmosphere.FastSkyLUT.SampleCountMin:4.0]]
[2022.09.05-03.52.38:298][  0]LogConfig: Setting CVar [[r.SkyAtmosphere.FastSkyLUT.SampleCountMax:128.0]]
[2022.09.05-03.52.38:298][  0]LogConfig: Setting CVar [[r.SkyAtmosphere.SampleCountMin:4.0]]
[2022.09.05-03.52.38:298][  0]LogConfig: Setting CVar [[r.SkyAtmosphere.SampleCountMax:128.0]]
[2022.09.05-03.52.38:298][  0]LogConfig: Setting CVar [[r.SkyAtmosphere.TransmittanceLUT.UseSmallFormat:0]]
[2022.09.05-03.52.38:298][  0]LogConfig: Setting CVar [[r.SkyAtmosphere.TransmittanceLUT.SampleCount:10.0]]
[2022.09.05-03.52.38:298][  0]LogConfig: Setting CVar [[r.SkyAtmosphere.MultiScatteringLUT.SampleCount:15.0]]
[2022.09.05-03.52.38:298][  0]LogConfig: Setting CVar [[r.SkyLight.RealTimeReflectionCapture:1]]
[2022.09.05-03.52.38:298][  0]LogConfig: Applying CVar settings from Section [FoliageQuality@3] File [C:/unrealmeta2/ue_git/Saved/Config/Windows/Scalability.ini]
[2022.09.05-03.52.38:298][  0]LogConfig: Setting CVar [[foliage.DensityScale:1.0]]
[2022.09.05-03.52.38:298][  0]LogConfig: Setting CVar [[grass.DensityScale:1.0]]
[2022.09.05-03.52.38:298][  0]LogConfig: Applying CVar settings from Section [ShadingQuality@3] File [C:/unrealmeta2/ue_git/Saved/Config/Windows/Scalability.ini]
[2022.09.05-03.52.38:298][  0]LogConfig: Setting CVar [[r.HairStrands.SkyLighting.IntegrationType:2]]
[2022.09.05-03.52.38:298][  0]LogConfig: Setting CVar [[r.HairStrands.SkyAO.SampleCount:4]]
[2022.09.05-03.52.38:298][  0]LogConfig: Setting CVar [[r.HairStrands.Visibility.MSAA.SamplePerPixel:4]]
[2022.09.05-03.52.38:298][  0]LogInit: Selected Device Profile: [Windows]
[2022.09.05-03.52.38:298][  0]LogInit: Applying CVar settings loaded from the selected device profile: [Windows]
[2022.09.05-03.52.38:298][  0]LogHAL: Display: Platform has ~ 32 GB [33739333632 / 34359738368 / 32], which maps to Largest [LargestMinGB=32, LargerMinGB=12, DefaultMinGB=8, SmallerMinGB=6, SmallestMinGB=0)
[2022.09.05-03.52.38:298][  0]LogInit: Going up to parent DeviceProfile []
[2022.09.05-03.52.38:298][  0]LogConfig: Applying CVar settings from Section [ViewDistanceQuality@3] File [C:/unrealmeta2/ue_git/Saved/Config/Windows/Scalability.ini]
[2022.09.05-03.52.38:298][  0]LogConfig: Setting CVar [[r.SkeletalMeshLODBias:0]]
[2022.09.05-03.52.38:298][  0]LogConfig: Setting CVar [[r.ViewDistanceScale:1.0]]
[2022.09.05-03.52.38:298][  0]LogConfig: Applying CVar settings from Section [AntiAliasingQuality@3] File [C:/unrealmeta2/ue_git/Saved/Config/Windows/Scalability.ini]
[2022.09.05-03.52.38:298][  0]LogConfig: Setting CVar [[r.PostProcessAAQuality:4]]
[2022.09.05-03.52.38:298][  0]LogConfig: Applying CVar settings from Section [ShadowQuality@3] File [C:/unrealmeta2/ue_git/Saved/Config/Windows/Scalability.ini]
[2022.09.05-03.52.38:298][  0]LogConfig: Setting CVar [[r.LightFunctionQuality:1]]
[2022.09.05-03.52.38:298][  0]LogConfig: Setting CVar [[r.ShadowQuality:5]]
[2022.09.05-03.52.38:298][  0]LogConfig: Setting CVar [[r.Shadow.CSM.MaxCascades:10]]
[2022.09.05-03.52.38:298][  0]LogConfig: Setting CVar [[r.Shadow.MaxResolution:2048]]
[2022.09.05-03.52.38:298][  0]LogConfig: Setting CVar [[r.Shadow.MaxCSMResolution:2048]]
[2022.09.05-03.52.38:298][  0]LogConfig: Setting CVar [[r.Shadow.RadiusThreshold:0.01]]
[2022.09.05-03.52.38:298][  0]LogConfig: Setting CVar [[r.Shadow.DistanceScale:1.0]]
[2022.09.05-03.52.38:298][  0]LogConfig: Setting CVar [[r.Shadow.CSM.TransitionScale:1.0]]
[2022.09.05-03.52.38:298][  0]LogConfig: Setting CVar [[r.Shadow.PreShadowResolutionFactor:1.0]]
[2022.09.05-03.52.38:298][  0]LogConfig: Setting CVar [[r.DistanceFieldShadowing:1]]
[2022.09.05-03.52.38:298][  0]LogConfig: Setting CVar [[r.DistanceFieldAO:1]]
[2022.09.05-03.52.38:298][  0]LogConfig: Setting CVar [[r.AOQuality:2]]
[2022.09.05-03.52.38:298][  0]LogConfig: Setting CVar [[r.VolumetricFog:1]]
[2022.09.05-03.52.38:299][  0]LogConfig: Setting CVar [[r.VolumetricFog.GridPixelSize:8]]
[2022.09.05-03.52.38:299][  0]LogConfig: Setting CVar [[r.VolumetricFog.GridSizeZ:128]]
[2022.09.05-03.52.38:299][  0]LogConfig: Setting CVar [[r.VolumetricFog.HistoryMissSupersampleCount:4]]
[2022.09.05-03.52.38:299][  0]LogConfig: Setting CVar [[r.LightMaxDrawDistanceScale:1]]
[2022.09.05-03.52.38:299][  0]LogConfig: Setting CVar [[r.CapsuleShadows:1]]
[2022.09.05-03.52.38:299][  0]LogConfig: Applying CVar settings from Section [PostProcessQuality@3] File [C:/unrealmeta2/ue_git/Saved/Config/Windows/Scalability.ini]
[2022.09.05-03.52.38:299][  0]LogConfig: Setting CVar [[r.MotionBlurQuality:4]]
[2022.09.05-03.52.38:299][  0]LogConfig: Setting CVar [[r.AmbientOcclusionMipLevelFactor:0.4]]
[2022.09.05-03.52.38:299][  0]LogConfig: Setting CVar [[r.AmbientOcclusionMaxQuality:100]]
[2022.09.05-03.52.38:299][  0]LogConfig: Setting CVar [[r.AmbientOcclusionLevels:-1]]
[2022.09.05-03.52.38:299][  0]LogConfig: Setting CVar [[r.AmbientOcclusionRadiusScale:1.0]]
[2022.09.05-03.52.38:299][  0]LogConfig: Setting CVar [[r.DepthOfFieldQuality:2]]
[2022.09.05-03.52.38:299][  0]LogConfig: Setting CVar [[r.RenderTargetPoolMin:400]]
[2022.09.05-03.52.38:299][  0]LogConfig: Setting CVar [[r.LensFlareQuality:2]]
[2022.09.05-03.52.38:299][  0]LogConfig: Setting CVar [[r.SceneColorFringeQuality:1]]
[2022.09.05-03.52.38:299][  0]LogConfig: Setting CVar [[r.EyeAdaptationQuality:2]]
[2022.09.05-03.52.38:299][  0]LogConfig: Setting CVar [[r.BloomQuality:5]]
[2022.09.05-03.52.38:299][  0]LogConfig: Setting CVar [[r.FastBlurThreshold:100]]
[2022.09.05-03.52.38:299][  0]LogConfig: Setting CVar [[r.Upscale.Quality:3]]
[2022.09.05-03.52.38:299][  0]LogConfig: Setting CVar [[r.Tonemapper.GrainQuantization:1]]
[2022.09.05-03.52.38:299][  0]LogConfig: Setting CVar [[r.LightShaftQuality:1]]
[2022.09.05-03.52.38:299][  0]LogConfig: Setting CVar [[r.Filter.SizeScale:1]]
[2022.09.05-03.52.38:299][  0]LogConfig: Setting CVar [[r.Tonemapper.Quality:5]]
[2022.09.05-03.52.38:299][  0]LogConfig: Setting CVar [[r.DOF.Gather.AccumulatorQuality:1        ; higher gathering accumulator quality]]
[2022.09.05-03.52.38:299][  0]LogConfig: Setting CVar [[r.DOF.Gather.PostfilterMethod:1          ; Median3x3 postfilering method]]
[2022.09.05-03.52.38:299][  0]LogConfig: Setting CVar [[r.DOF.Gather.EnableBokehSettings:0       ; no bokeh simulation when gathering]]
[2022.09.05-03.52.38:299][  0]LogConfig: Setting CVar [[r.DOF.Gather.RingCount:4                 ; medium number of samples when gathering]]
[2022.09.05-03.52.38:299][  0]LogConfig: Setting CVar [[r.DOF.Scatter.ForegroundCompositing:1    ; additive foreground scattering]]
[2022.09.05-03.52.38:299][  0]LogConfig: Setting CVar [[r.DOF.Scatter.BackgroundCompositing:2    ; additive background scattering]]
[2022.09.05-03.52.38:299][  0]LogConfig: Setting CVar [[r.DOF.Scatter.EnableBokehSettings:1      ; bokeh simulation when scattering]]
[2022.09.05-03.52.38:299][  0]LogConfig: Setting CVar [[r.DOF.Scatter.MaxSpriteRatio:0.1         ; only a maximum of 10% of scattered bokeh]]
[2022.09.05-03.52.38:299][  0]LogConfig: Setting CVar [[r.DOF.Recombine.Quality:1                ; cheap slight out of focus]]
[2022.09.05-03.52.38:299][  0]LogConfig: Setting CVar [[r.DOF.Recombine.EnableBokehSettings:0    ; no bokeh simulation on slight out of focus]]
[2022.09.05-03.52.38:299][  0]LogConfig: Setting CVar [[r.DOF.TemporalAAQuality:1                ; more stable temporal accumulation]]
[2022.09.05-03.52.38:299][  0]LogConfig: Setting CVar [[r.DOF.Kernel.MaxForegroundRadius:0.025]]
[2022.09.05-03.52.38:299][  0]LogConfig: Setting CVar [[r.DOF.Kernel.MaxBackgroundRadius:0.025]]
[2022.09.05-03.52.38:299][  0]LogConfig: Applying CVar settings from Section [TextureQuality@3] File [C:/unrealmeta2/ue_git/Saved/Config/Windows/Scalability.ini]
[2022.09.05-03.52.38:299][  0]LogConfig: Setting CVar [[r.Streaming.MipBias:0]]
[2022.09.05-03.52.38:299][  0]LogConfig: Setting CVar [[r.Streaming.AmortizeCPUToGPUCopy:0]]
[2022.09.05-03.52.38:299][  0]LogConfig: Setting CVar [[r.Streaming.MaxNumTexturesToStreamPerFrame:0]]
[2022.09.05-03.52.38:299][  0]LogConfig: Setting CVar [[r.Streaming.Boost:1]]
[2022.09.05-03.52.38:299][  0]LogConfig: Setting CVar [[r.MaxAnisotropy:8]]
[2022.09.05-03.52.38:299][  0]LogConfig: Setting CVar [[r.VT.MaxAnisotropy:8]]
[2022.09.05-03.52.38:299][  0]LogConfig: Setting CVar [[r.Streaming.LimitPoolSizeToVRAM:0]]
[2022.09.05-03.52.38:299][  0]LogConfig: Setting CVar [[r.Streaming.PoolSize:1000]]
[2022.09.05-03.52.38:299][  0]LogConfig: Setting CVar [[r.Streaming.MaxEffectiveScreenSize:0]]
[2022.09.05-03.52.38:299][  0]LogConfig: Applying CVar settings from Section [EffectsQuality@3] File [C:/unrealmeta2/ue_git/Saved/Config/Windows/Scalability.ini]
[2022.09.05-03.52.38:299][  0]LogConfig: Setting CVar [[r.TranslucencyLightingVolumeDim:64]]
[2022.09.05-03.52.38:299][  0]LogConfig: Setting CVar [[r.RefractionQuality:2]]
[2022.09.05-03.52.38:299][  0]LogConfig: Setting CVar [[r.SSR.Quality:3]]
[2022.09.05-03.52.38:299][  0]LogConfig: Setting CVar [[r.SSR.HalfResSceneColor:0]]
[2022.09.05-03.52.38:299][  0]LogConfig: Setting CVar [[r.SceneColorFormat:4]]
[2022.09.05-03.52.38:299][  0]LogConfig: Setting CVar [[r.DetailMode:2]]
[2022.09.05-03.52.38:299][  0]LogConfig: Setting CVar [[r.TranslucencyVolumeBlur:1]]
[2022.09.05-03.52.38:299][  0]LogConfig: Setting CVar [[r.MaterialQualityLevel:1 ; High quality]]
[2022.09.05-03.52.38:299][  0]LogConfig: Setting CVar [[r.AnisotropicMaterials:1]]
[2022.09.05-03.52.38:299][  0]LogConfig: Setting CVar [[r.SSS.Scale:1]]
[2022.09.05-03.52.38:299][  0]LogConfig: Setting CVar [[r.SSS.SampleSet:2]]
[2022.09.05-03.52.38:299][  0]LogConfig: Setting CVar [[r.SSS.Quality:1]]
[2022.09.05-03.52.38:299][  0]LogConfig: Setting CVar [[r.SSS.HalfRes:0]]
[2022.09.05-03.52.38:299][  0]LogConfig: Setting CVar [[r.SSGI.Quality:3]]
[2022.09.05-03.52.38:299][  0]LogConfig: Setting CVar [[r.EmitterSpawnRateScale:1.0]]
[2022.09.05-03.52.38:299][  0]LogConfig: Setting CVar [[r.ParticleLightQuality:2]]
[2022.09.05-03.52.38:299][  0]LogConfig: Setting CVar [[r.SkyAtmosphere.AerialPerspectiveLUT.FastApplyOnOpaque:1 ; Always have FastSkyLUT 1 in this case to avoid wrong sky]]
[2022.09.05-03.52.38:299][  0]LogConfig: Setting CVar [[r.SkyAtmosphere.AerialPerspectiveLUT.SampleCountMaxPerSlice:4]]
[2022.09.05-03.52.38:299][  0]LogConfig: Setting CVar [[r.SkyAtmosphere.AerialPerspectiveLUT.DepthResolution:16.0]]
[2022.09.05-03.52.38:299][  0]LogConfig: Setting CVar [[r.SkyAtmosphere.FastSkyLUT:1]]
[2022.09.05-03.52.38:299][  0]LogConfig: Setting CVar [[r.SkyAtmosphere.FastSkyLUT.SampleCountMin:4.0]]
[2022.09.05-03.52.38:299][  0]LogConfig: Setting CVar [[r.SkyAtmosphere.FastSkyLUT.SampleCountMax:128.0]]
[2022.09.05-03.52.38:299][  0]LogConfig: Setting CVar [[r.SkyAtmosphere.SampleCountMin:4.0]]
[2022.09.05-03.52.38:299][  0]LogConfig: Setting CVar [[r.SkyAtmosphere.SampleCountMax:128.0]]
[2022.09.05-03.52.38:299][  0]LogConfig: Setting CVar [[r.SkyAtmosphere.TransmittanceLUT.UseSmallFormat:0]]
[2022.09.05-03.52.38:299][  0]LogConfig: Setting CVar [[r.SkyAtmosphere.TransmittanceLUT.SampleCount:10.0]]
[2022.09.05-03.52.38:299][  0]LogConfig: Setting CVar [[r.SkyAtmosphere.MultiScatteringLUT.SampleCount:15.0]]
[2022.09.05-03.52.38:299][  0]LogConfig: Setting CVar [[r.SkyLight.RealTimeReflectionCapture:1]]
[2022.09.05-03.52.38:299][  0]LogConfig: Applying CVar settings from Section [FoliageQuality@3] File [C:/unrealmeta2/ue_git/Saved/Config/Windows/Scalability.ini]
[2022.09.05-03.52.38:299][  0]LogConfig: Setting CVar [[foliage.DensityScale:1.0]]
[2022.09.05-03.52.38:299][  0]LogConfig: Setting CVar [[grass.DensityScale:1.0]]
[2022.09.05-03.52.38:299][  0]LogConfig: Applying CVar settings from Section [ShadingQuality@3] File [C:/unrealmeta2/ue_git/Saved/Config/Windows/Scalability.ini]
[2022.09.05-03.52.38:299][  0]LogConfig: Setting CVar [[r.HairStrands.SkyLighting.IntegrationType:2]]
[2022.09.05-03.52.38:299][  0]LogConfig: Setting CVar [[r.HairStrands.SkyAO.SampleCount:4]]
[2022.09.05-03.52.38:299][  0]LogConfig: Setting CVar [[r.HairStrands.Visibility.MSAA.SamplePerPixel:4]]
[2022.09.05-03.52.38:299][  0]LogConfig: Applying CVar settings from Section [Startup] File [../../../Engine/Config/ConsoleVariables.ini]
[2022.09.05-03.52.38:300][  0]LogConfig: Setting CVar [[net.UseAdaptiveNetUpdateFrequency:0]]
[2022.09.05-03.52.38:300][  0]LogConfig: Setting CVar [[p.chaos.AllowCreatePhysxBodies:1]]
[2022.09.05-03.52.38:300][  0]LogConfig: Setting CVar [[fx.SkipVectorVMBackendOptimizations:1]]
[2022.09.05-03.52.38:300][  0]LogConfig: Applying CVar settings from Section [ConsoleVariables] File [C:/unrealmeta2/ue_git/Saved/Config/Windows/Engine.ini]
[2022.09.05-03.52.38:300][  0]LogConfig: Applying CVar settings from Section [ConsoleVariables] File [C:/unrealmeta2/ue_git/Saved/Config/Windows/Editor.ini]
[2022.09.05-03.52.38:300][  0]LogInit: Computer: DESKTOP-I4GRCV4
[2022.09.05-03.52.38:300][  0]LogInit: User: USER
[2022.09.05-03.52.38:300][  0]LogInit: CPU Page size=4096, Cores=8
[2022.09.05-03.52.38:300][  0]LogInit: High frequency timer resolution =10.000000 MHz
[2022.09.05-03.52.38:300][  0]LogMemory: Memory total: Physical=31.4GB (32GB approx)
[2022.09.05-03.52.38:300][  0]LogMemory: Platform Memory Stats for Windows
[2022.09.05-03.52.38:300][  0]LogMemory: Process Physical Memory: 150.35 MB used, 150.35 MB peak
[2022.09.05-03.52.38:300][  0]LogMemory: Process Virtual Memory: 133.15 MB used, 133.15 MB peak
[2022.09.05-03.52.38:300][  0]LogMemory: Physical Memory: 13635.65 MB used,  18540.68 MB free, 32176.34 MB total
[2022.09.05-03.52.38:300][  0]LogMemory: Virtual Memory: 134198912.00 MB used,  18818.83 MB free, 134217728.00 MB total
[2022.09.05-03.52.38:311][  0]LogWindows: WindowsPlatformFeatures enabled
[2022.09.05-03.52.38:409][  0]LogInit: Physics initialised using underlying interface: PhysX
[2022.09.05-03.52.38:410][  0]LogInit: Using OS detected language (ko-KR).
[2022.09.05-03.52.38:410][  0]LogInit: Using OS detected locale (ko-KR).
[2022.09.05-03.52.38:422][  0]LogTextLocalizationManager: No specific localization for 'ko-KR' exists, so the 'ko' localization will be used.
[2022.09.05-03.52.38:512][  0]LogInit: Setting process to per monitor DPI aware
[2022.09.05-03.52.38:553][  0]LogWindowsTextInputMethodSystem: Display: IME system deactivated.
[2022.09.05-03.52.38:570][  0]LogSlate: New Slate User Created.  User Index 0, Is Virtual User: 0
[2022.09.05-03.52.38:570][  0]LogSlate: Slate User Registered.  User Index 0, Is Virtual User: 0
[2022.09.05-03.52.38:821][  0]LogD3D11RHI: Loaded GFSDK_Aftermath_Lib.x64.dll
[2022.09.05-03.52.38:826][  0]LogHMD: Failed to initialize OpenVR with code 110
[2022.09.05-03.52.38:826][  0]LogD3D11RHI: D3D11 min allowed feature level: 11_0
[2022.09.05-03.52.38:826][  0]LogD3D11RHI: D3D11 max allowed feature level: 11_0
[2022.09.05-03.52.38:826][  0]LogD3D11RHI: D3D11 adapters:
[2022.09.05-03.52.38:976][  0]LogD3D11RHI:    0. 'NVIDIA GeForce RTX 3060 Laptop GPU' (Feature Level 11_0)
[2022.09.05-03.52.38:976][  0]LogD3D11RHI:       6023/0/16088 MB DedicatedVideo/DedicatedSystem/SharedSystem, Outputs:1, VendorId:0x10de
[2022.09.05-03.52.39:021][  0]LogD3D11RHI:    1. 'AMD Radeon(TM) Graphics' (Feature Level 11_0)
[2022.09.05-03.52.39:021][  0]LogD3D11RHI:       496/0/16088 MB DedicatedVideo/DedicatedSystem/SharedSystem, Outputs:1, VendorId:0x1002
[2022.09.05-03.52.39:024][  0]LogD3D11RHI:    2. 'Microsoft Basic Render Driver' (Feature Level 11_0)
[2022.09.05-03.52.39:024][  0]LogD3D11RHI:       0/0/16088 MB DedicatedVideo/DedicatedSystem/SharedSystem, Outputs:0, VendorId:0x1414
[2022.09.05-03.52.39:024][  0]LogD3D11RHI: Chosen D3D11 Adapter:
[2022.09.05-03.52.39:024][  0]LogD3D11RHI:     Description : NVIDIA GeForce RTX 3060 Laptop GPU
[2022.09.05-03.52.39:024][  0]LogD3D11RHI:     VendorId    : 10de
[2022.09.05-03.52.39:024][  0]LogD3D11RHI:     DeviceId    : 2520
[2022.09.05-03.52.39:024][  0]LogD3D11RHI:     SubSysId    : 107c1043
[2022.09.05-03.52.39:024][  0]LogD3D11RHI:     Revision    : 00a1
[2022.09.05-03.52.39:024][  0]LogD3D11RHI:     DedicatedVideoMemory : 6315573248 bytes
[2022.09.05-03.52.39:024][  0]LogD3D11RHI:     DedicatedSystemMemory : 0 bytes
[2022.09.05-03.52.39:024][  0]LogD3D11RHI:     SharedSystemMemory : 16869666816 bytes
[2022.09.05-03.52.39:024][  0]LogD3D11RHI:     AdapterLuid : 0 61074
[2022.09.05-03.52.39:032][  0]LogD3D11RHI: Creating new Direct3DDevice
[2022.09.05-03.52.39:032][  0]LogD3D11RHI:     GPU DeviceId: 0x2520 (for the marketing name, search the web for "GPU Device Id")
[2022.09.05-03.52.39:032][  0]LogWindows: EnumDisplayDevices:
[2022.09.05-03.52.39:033][  0]LogWindows:    0. 'AMD Radeon(TM) Graphics' (P:0 D:1)
[2022.09.05-03.52.39:033][  0]LogWindows:    1. 'AMD Radeon(TM) Graphics' (P:0 D:0)
[2022.09.05-03.52.39:034][  0]LogWindows:    2. 'AMD Radeon(TM) Graphics' (P:0 D:0)
[2022.09.05-03.52.39:035][  0]LogWindows:    3. 'NVIDIA GeForce RTX 3060 Laptop GPU' (P:1 D:1)
[2022.09.05-03.52.39:036][  0]LogWindows:    4. 'NVIDIA GeForce RTX 3060 Laptop GPU' (P:0 D:0)
[2022.09.05-03.52.39:036][  0]LogWindows:    5. 'NVIDIA GeForce RTX 3060 Laptop GPU' (P:0 D:0)
[2022.09.05-03.52.39:037][  0]LogWindows:    6. 'NVIDIA GeForce RTX 3060 Laptop GPU' (P:0 D:0)
[2022.09.05-03.52.39:038][  0]LogWindows: DebugString: PrimaryIsNotTheChoosenAdapter PrimaryIsNotTheChoosenAdapter PrimaryIsNotTheChoosenAdapter FoundDriverCount:4 
[2022.09.05-03.52.39:038][  0]LogD3D11RHI:     Adapter Name: NVIDIA GeForce RTX 3060 Laptop GPU
[2022.09.05-03.52.39:038][  0]LogD3D11RHI:   Driver Version: 516.94 (internal:31.0.15.1694, unified:516.94)
[2022.09.05-03.52.39:038][  0]LogD3D11RHI:      Driver Date: 7-21-2022
[2022.09.05-03.52.39:038][  0]LogRHI: Texture pool is 4216 MB (70% of 6023 MB)
[2022.09.05-03.52.39:038][  0]LogD3D11RHI: Creating D3DDevice using adapter:
[2022.09.05-03.52.39:038][  0]LogD3D11RHI:     Description : NVIDIA GeForce RTX 3060 Laptop GPU
[2022.09.05-03.52.39:038][  0]LogD3D11RHI:     VendorId    : 10de
[2022.09.05-03.52.39:038][  0]LogD3D11RHI:     DeviceId    : 2520
[2022.09.05-03.52.39:038][  0]LogD3D11RHI:     SubSysId    : 107c1043
[2022.09.05-03.52.39:038][  0]LogD3D11RHI:     Revision    : 00a1
[2022.09.05-03.52.39:038][  0]LogD3D11RHI:     DedicatedVideoMemory : 6315573248 bytes
[2022.09.05-03.52.39:038][  0]LogD3D11RHI:     DedicatedSystemMemory : 0 bytes
[2022.09.05-03.52.39:038][  0]LogD3D11RHI:     SharedSystemMemory : 16869666816 bytes
[2022.09.05-03.52.39:038][  0]LogD3D11RHI:     AdapterLuid : 0 61074
[2022.09.05-03.52.39:098][  0]LogD3D11RHI: RHI has support for 64 bit atomics
[2022.09.05-03.52.39:098][  0]LogD3D11RHI: Async texture creation enabled
[2022.09.05-03.52.39:098][  0]LogD3D11RHI: Array index from any shader is supported
[2022.09.05-03.52.39:132][  0]LogD3D11RHI: GPU Timing Frequency: 1000.000000 (Debug: 2 2)
[2022.09.05-03.52.39:210][  0]LogRHI: GeForceNow SDK initialized: 1
[2022.09.05-03.52.39:588][  0]LogTargetPlatformManager: Display: Loaded TargetPlatform 'AllDesktop'
[2022.09.05-03.52.39:610][  0]LogTargetPlatformManager: Display: Loaded TargetPlatform 'Android'
[2022.09.05-03.52.39:611][  0]LogTargetPlatformManager: Display: Loaded TargetPlatform 'Android_ASTC'
[2022.09.05-03.52.39:611][  0]LogTargetPlatformManager: Display: Loaded TargetPlatform 'Android_DXT'
[2022.09.05-03.52.39:611][  0]LogTargetPlatformManager: Display: Loaded TargetPlatform 'Android_ETC2'
[2022.09.05-03.52.39:611][  0]LogTargetPlatformManager: Display: Loaded TargetPlatform 'AndroidClient'
[2022.09.05-03.52.39:611][  0]LogTargetPlatformManager: Display: Loaded TargetPlatform 'Android_ASTCClient'
[2022.09.05-03.52.39:611][  0]LogTargetPlatformManager: Display: Loaded TargetPlatform 'Android_DXTClient'
[2022.09.05-03.52.39:611][  0]LogTargetPlatformManager: Display: Loaded TargetPlatform 'Android_ETC2Client'
[2022.09.05-03.52.39:611][  0]LogTargetPlatformManager: Display: Loaded TargetPlatform 'Android_Multi'
[2022.09.05-03.52.39:611][  0]LogTargetPlatformManager: Display: Loaded TargetPlatform 'Android_MultiClient'
[2022.09.05-03.52.39:636][  0]LogTargetPlatformManager: Display: Loaded TargetPlatform 'IOSClient'
[2022.09.05-03.52.39:636][  0]LogTargetPlatformManager: Display: Loaded TargetPlatform 'IOS'
[2022.09.05-03.52.39:649][  0]LogTargetPlatformManager: Display: Loaded TargetPlatform 'Linux'
[2022.09.05-03.52.39:659][  0]LogTargetPlatformManager: Display: Loaded TargetPlatform 'LinuxNoEditor'
[2022.09.05-03.52.39:665][  0]LogTargetPlatformManager: Display: Loaded TargetPlatform 'LinuxClient'
[2022.09.05-03.52.39:671][  0]LogTargetPlatformManager: Display: Loaded TargetPlatform 'LinuxServer'
[2022.09.05-03.52.39:684][  0]LogTargetPlatformManager: Display: Loaded TargetPlatform 'LinuxAArch64NoEditor'
[2022.09.05-03.52.39:691][  0]LogTargetPlatformManager: Display: Loaded TargetPlatform 'LinuxAArch64Client'
[2022.09.05-03.52.39:697][  0]LogTargetPlatformManager: Display: Loaded TargetPlatform 'LinuxAArch64Server'
[2022.09.05-03.52.39:725][  0]LogTargetPlatformManager: Display: Loaded TargetPlatform 'Lumin'
[2022.09.05-03.52.39:725][  0]LogTargetPlatformManager: Display: Loaded TargetPlatform 'LuminClient'
[2022.09.05-03.52.39:736][  0]LogTargetPlatformManager: Display: Loaded TargetPlatform 'MacNoEditor'
[2022.09.05-03.52.39:743][  0]LogTargetPlatformManager: Display: Loaded TargetPlatform 'Mac'
[2022.09.05-03.52.39:749][  0]LogTargetPlatformManager: Display: Loaded TargetPlatform 'MacClient'
[2022.09.05-03.52.39:755][  0]LogTargetPlatformManager: Display: Loaded TargetPlatform 'MacServer'
[2022.09.05-03.52.39:769][  0]LogTargetPlatformManager: Display: Loaded TargetPlatform 'TVOSClient'
[2022.09.05-03.52.39:769][  0]LogTargetPlatformManager: Display: Loaded TargetPlatform 'TVOS'
[2022.09.05-03.52.39:781][  0]LogTargetPlatformManager: Display: Loaded TargetPlatform 'WindowsNoEditor'
[2022.09.05-03.52.39:787][  0]LogTargetPlatformManager: Display: Loaded TargetPlatform 'Windows'
[2022.09.05-03.52.39:794][  0]LogTargetPlatformManager: Display: Loaded TargetPlatform 'WindowsClient'
[2022.09.05-03.52.39:800][  0]LogTargetPlatformManager: Display: Loaded TargetPlatform 'WindowsServer'
[2022.09.05-03.52.39:800][  0]LogTargetPlatformManager: Display: Building Assets For Windows
[2022.09.05-03.52.39:812][  0]LogAudioDebug: Display: Lib vorbis DLL was dynamically loaded.
[2022.09.05-03.52.39:871][  0]LogTextureFormatOodle: Display: Oodle Texture 2.9.0 init RDO Off
[2022.09.05-03.52.39:918][  0]LogRendererCore: Ray tracing is disabled. Reason: r.RayTracing=0.
[2022.09.05-03.52.39:918][  0]LogShaderCompilers: Guid format shader working directory is 8 characters bigger than the processId version (../../../../../../unrealmeta2/ue_git/Intermediate/Shaders/WorkingDirectory/11748/).
[2022.09.05-03.52.39:919][  0]LogShaderCompilers: Cleaned the shader compiler working directory 'C:/Users/USER/AppData/Local/Temp/UnrealShaderWorkingDir/642637A2441F8C0BF878CFA3D36204E0/'.
[2022.09.05-03.52.39:919][  0]LogXGEController: Cannot use XGE Controller as Incredibuild is not installed on this machine.
[2022.09.05-03.52.39:919][  0]LogShaderCompilers: Cannot use XGE Shader Compiler as Incredibuild is not installed on this machine.
[2022.09.05-03.52.39:919][  0]LogShaderCompilers: Display: Using Local Shader Compiler.
[2022.09.05-03.52.40:551][  0]LogDerivedDataCache: Display: Max Cache Size: 512 MB
[2022.09.05-03.52.40:591][  0]LogDerivedDataCache: Loaded boot cache 0.04s 94MB C:/Users/USER/AppData/Local/UnrealEngine/4.27/DerivedDataCache/Boot.ddc.
[2022.09.05-03.52.40:591][  0]LogDerivedDataCache: Display: Loaded Boot cache: C:/Users/USER/AppData/Local/UnrealEngine/4.27/DerivedDataCache/Boot.ddc
[2022.09.05-03.52.40:592][  0]LogDerivedDataCache: FDerivedDataBackendGraph:  Pak pak cache file ../../../../../../unrealmeta2/ue_git/DerivedDataCache/DDC.ddp not found, will not use a pak cache.
[2022.09.05-03.52.40:592][  0]LogDerivedDataCache: Unable to find inner node Pak for hierarchical cache Hierarchy.
[2022.09.05-03.52.40:592][  0]LogDerivedDataCache: FDerivedDataBackendGraph:  CompressedPak pak cache file ../../../../../../unrealmeta2/ue_git/DerivedDataCache/Compressed.ddp not found, will not use a pak cache.
[2022.09.05-03.52.40:592][  0]LogDerivedDataCache: Unable to find inner node CompressedPak for hierarchical cache Hierarchy.
[2022.09.05-03.52.40:607][  0]LogDerivedDataCache: Display: Pak cache opened for reading ../../../Engine/DerivedDataCache/Compressed.ddp.
[2022.09.05-03.52.40:607][  0]LogDerivedDataCache: FDerivedDataBackendGraph:  EnterprisePak pak cache file ../../../Enterprise/DerivedDataCache/Compressed.ddp not found, will not use a pak cache.
[2022.09.05-03.52.40:607][  0]LogDerivedDataCache: Unable to find inner node EnterprisePak for hierarchical cache Hierarchy.
[2022.09.05-03.52.40:618][  0]LogDerivedDataCache: Speed tests for C:/Users/USER/AppData/Local/UnrealEngine/Common/DerivedDataCache took 0.01 seconds
[2022.09.05-03.52.40:618][  0]LogDerivedDataCache: Display: Performance to C:/Users/USER/AppData/Local/UnrealEngine/Common/DerivedDataCache: Latency=0.06ms. RandomReadSpeed=614.87MBs, RandomWriteSpeed=116.09MBs. Assigned SpeedClass 'Local'
[2022.09.05-03.52.40:618][  0]LogDerivedDataCache: Using Local data cache path C:/Users/USER/AppData/Local/UnrealEngine/Common/DerivedDataCache: Writable
[2022.09.05-03.52.40:619][  0]LogDerivedDataCache: Shared data cache path not found in *engine.ini, will not use an Shared cache.
[2022.09.05-03.52.40:619][  0]LogDerivedDataCache: Unable to find inner node Shared for hierarchical cache Hierarchy.
[2022.09.05-03.52.40:651][  0]LogSlate: Using FreeType 2.10.0
[2022.09.05-03.52.40:652][  0]LogSlate: SlateFontServices - WITH_FREETYPE: 1, WITH_HARFBUZZ: 1
[2022.09.05-03.52.40:675][  0]LogAssetRegistry: FAssetRegistry took 0.0025 seconds to start up
[2022.09.05-03.52.40:893][  0]LogInit: Selected Device Profile: [Windows]
[2022.09.05-03.52.40:893][  0]LogInit: Active device profile: [00000233D2ACB100][00000233D1E9E440 49] Windows
[2022.09.05-03.52.40:893][  0]LogInit: Profiles: [00000233D2ACB100][00000233D1E9E440 49] Windows, [00000233D2A4D100][00000233D1EAE580 49] WindowsNoEditor, [00000233D2AC9100][00000233D1EB26C0 49] WindowsServer, [00000233D2A4E900][00000233D1EBA840 49] WindowsClient, [00000233D2ACA800][00000233D2F269C0 49] IOS, [00000233D2A4DA00][00000233D2F2AB40 49] iPadAir, [00000233D2AC9900][00000233D2F2ECC0 49] iPadAir2, [00000233D29EF800][00000233D2F36F80 49] IPadPro, [00000233D29EF900][00000233D2F32FC0 49] iPadAir3, [00000233D2ACA200][00000233D2F3B140 49] iPadAir4, [00000233D29ED600][00000233D2F3F2C0 49] iPadMini2, [00000233D2ACB700][00000233D2F43440 49] iPadMini3, [00000233D29EE300][00000233D2F475C0 49] iPadMini4, [00000233D2AC9400][00000233D2F8D740 49] iPadMini5, [00000233D2A67100][00000233D2F95A00 49] iPhone6, [00000233D2A67200][00000233D2F91A40 49] iPodTouch6, [00000233D29EC600][00000233D2F9C180 49] iPhone7, [00000233D29EC500][00000233D2F981C0 49] iPodTouch7, [00000233D2A65500][00000233D2FA0340 49] iPhone5S, [00000233D29EDF00][00000233D2FA44C0 49] iPhone6Plus, [00000233D2A66400][00000233D1EB6600 49] iPhone6S, [00000233D29ED400][00000233D2FA8740 49] iPhone6SPlus, [00000233D2A67700][00000233D2FAC880 49] iPhone7Plus, [00000233D29ED800][00000233D2FB09C0 49] iPhoneSE, [00000233D2A64E00][00000233D2FB8B40 49] iPhone8, [00000233D29ED000][00000233D2FBCCC0 49] iPhone8Plus, [00000233D2A66100][00000233D2FC0E40 49] iPhoneX, [00000233D29EE900][00000233D2FC4FC0 49] iPhoneXS, [00000233D2A67800][00000233D2FC9140 49] iPhoneXSMax, [00000233D29EC200][00000233D2FCD2C0 49] iPhoneXR, [00000233D2A67500][00000233D2FD1440 49] iPhone11, [00000233D29ED900][00000233D2FD55C0 49] iPhone11Pro, [00000233D2A64D00][00000233D2FD9740 49] iPhone11ProMax, [00000233D29EF500][00000233D2FDD8C0 49] iPhoneSE2, [00000233D2A66200][00000233D2FE1A40 49] iPhone12Mini, [00000233D29EDE00][00000233D2FE5BC0 49] iPhone12, [00000233D2A64100][00000233D2FE81C0 49] iPhone12Pro, [00000233D29EF200][00000233D2FF0340 49] iPhone12ProMax, [00000233D2A67900][00000233D2FF44C0 49] iPadPro105, [00000233D29EDD00][00000233D2FF8640 49] iPadPro129, [00000233D2A64700][00000233D2FB4780 49] iPadPro97, [00000233D29ED300][00000233D2FFC8C0 49] iPadPro2_129, [00000233D2A66D00][00000233D3000A00 49] iPad5, [00000233D29EC400][00000233D3004B40 49] iPad6, [00000233D2A64500][00000233D300CCC0 49] iPad7, [00000233D29EEC00][00000233D3010E40 49] iPad8, [00000233D2A66600][00000233D3014FC0 49] iPadPro11, [00000233D29ED700][00000233D3019140 49] iPadPro2_11, [00000233D2A64300][00000233D301D2C0 49] iPadPro3_129, [00000233D29ECD00][00000233D3021440 49] iPadPro4_129, [00000233D2A65600][00000233D30255C0 49] AppleTV, [00000233D29EFD00][00000233D3029740 49] AppleTV4K, [00000233D2A67B00][00000233D302D8C0 49] TVOS, [00000233D29ECB00][00000233D3031A40 49] Mac, [00000233D2A65700][00000233D3035BC0 49] MacClient, [00000233D29EE500][00000233D30381C0 49] MacNoEditor, [00000233D2A4F500][00000233D303C340 49] MacServer, [00000233D2B74B00][00000233D30704C0 49] Linux, [00000233D2A4CB00][00000233D3074640 49] LinuxAArch64, [00000233D2B75900][00000233D30AC7C0 49] LinuxNoEditor, [00000233D2A4DC00][00000233D30B0940 49] LinuxAArch64NoEditor, [00000233D2B75100][00000233D3008A80 49] LinuxClient, [00000233D2A4CC00][00000233D30B4BC0 49] LinuxAArch64Client, [00000233D2B75500][00000233D30B8D00 49] LinuxServer, [00000233D2A4CE00][00000233D30C0E80 49] LinuxAArch64Server, [00000233D2B75000][00000233D30D5000 49] Android, [00000233D2A4E000][00000233D30F1180 49] Android_Low, [00000233D2B74500][00000233D30F5300 49] Android_Mid, [00000233D2A4FA00][00000233D315F480 49] Android_High, [00000233D2B75800][00000233D3163600 49] Android_Default, [00000233D2A4EF00][00000233D3167780 49] Android_Adreno4xx, [00000233D2B75200][00000233D316B900 49] Android_Adreno5xx_Low, [00000233D2A4C400][00000233D316FA80 49] Android_Adreno5xx, [00000233D2B74C00][00000233D317BC00 49] Android_Adreno6xx, [00000233D2A4FF00][00000233D3186200 49] Android_Adreno6xx_Vulkan, [00000233D2B75F00][00000233D318A380 49] Android_Mali_T6xx, [00000233D29ECC00][00000233D318E500 49] Android_Mali_T7xx, [00000233D2A67D00][00000233D3192680 49] Android_Mali_T8xx, [00000233D29ED100][00000233D3196800 49] Android_Mali_G71, [00000233D2A64A00][00000233D319A980 49] Android_Mali_G72, [00000233D29EF700][00000233D319EB00 49] Android_Mali_G72_Vulkan, [00000233D2A67A00][00000233D30BCC40 49] Android_Mali_G76, [00000233D29EDC00][00000233D31A6D80 49] Android_Mali_G76_Vulkan, [00000233D2A67400][00000233D31AAEC0 49] Android_Mali_G77, [00000233D29EF400][00000233D31B3040 49] Android_Mali_G77_Vulkan, [00000233D2A67E00][00000233D31BB1C0 49] Android_Mali_G78, [00000233D29EFA00][00000233D31BF340 49] Android_Mali_G78_Vulkan, [00000233D2A64600][00000233D31C34C0 49] Android_Mali_G710, [00000233D29EF600][00000233D31C7640 49] Android_Mali_G710_Vulkan, [00000233D2B76000][00000233D31CB7C0 49] Android_Vulkan_SM5, [00000233D29ECF00][00000233D31CF940 49] Android_PowerVR_G6xxx, [00000233D2B74A00][00000233D31D3AC0 49] Android_PowerVR_GT7xxx, [00000233D29EFC00][00000233D31D60C0 49] Android_PowerVR_GE8xxx, [00000233D2B74100][00000233D31DA240 49] Android_PowerVR_GM9xxx, [00000233D29EFF00][00000233D31DE3C0 49] Android_PowerVR_GM9xxx_Vulkan, [00000233D2B76400][00000233D31E2540 49] Android_TegraK1, [00000233D29EC700][00000233D31E66C0 49] Android_Unknown_Vulkan, [00000233D2B76100][00000233D31EA840 49] Lumin, [00000233D29EEF00][00000233D31EE9C0 49] Lumin_Desktop, [00000233D2B75B00][00000233D31F2B40 49] HoloLens, 
[2022.09.05-03.52.41:025][  0]LogMeshReduction: Using QuadricMeshReduction for automatic static mesh reduction
[2022.09.05-03.52.41:025][  0]LogMeshReduction: Using SimplygonMeshReduction for automatic skeletal mesh reduction
[2022.09.05-03.52.41:025][  0]LogMeshReduction: Using ProxyLODMeshReduction for automatic mesh merging
[2022.09.05-03.52.41:025][  0]LogMeshReduction: No distributed automatic mesh merging module available
[2022.09.05-03.52.41:025][  0]LogMeshMerging: No distributed automatic mesh merging module available
[2022.09.05-03.52.41:050][  0]LogNetVersion: ue_git 1.0.0, NetCL: 17155196, EngineNetVer: 17, GameNetVer: 0 (Checksum: 2219048903)
[2022.09.05-03.52.41:439][  0]LogTexture: Default maximum texture size for cubemaps generated from long-lat sources has been changed from 512 to unlimited. In order to preserve old behaiour for '/Engine/MapTemplates/Sky/DaylightAmbientCubemap.DaylightAmbientCubemap', its maximum texture size has been explicitly set to 512.
[2022.09.05-03.52.41:489][  0]LogHMD: PokeAHoleMaterial loaded successfully
[2022.09.05-03.52.41:494][  0]LogUObjectArray: 17178 objects as part of root set at end of initial load.
[2022.09.05-03.52.41:494][  0]LogUObjectAllocator: 4302048 out of 0 bytes used by permanent object pool.
[2022.09.05-03.52.41:494][  0]LogUObjectArray: CloseDisregardForGC: 0/0 objects in disregard for GC pool
[2022.09.05-03.52.41:862][  0]LogPython: Using Python 3.7.7
[2022.09.05-03.52.42:308][  0]LogNiagaraDebuggerClient: Niagara Debugger Client Initialized | Session: 04B88B2440FFF6C020A75A9B4ACFCDCD | Instance: 8219525B40C8A3FA6B16FC88C24E696C (DESKTOP-I4GRCV4-11748).
[2022.09.05-03.52.42:509][  0]LogTcpMessaging: Initializing TcpMessaging bridge
[2022.09.05-03.52.42:530][  0]LogUdpMessaging: Initializing bridge on interface 0.0.0.0:0 to multicast group 230.0.0.1:6666.
[2022.09.05-03.52.42:801][  0]SourceControl: 소스 컨트롤이 꺼졌습니다.
[2022.09.05-03.52.42:801][  0]SourceControl: 소스 컨트롤이 꺼졌습니다.
[2022.09.05-03.52.42:806][  0]SourceControl: 소스 컨트롤이 꺼졌습니다.
[2022.09.05-03.52.42:811][  0]SourceControl: 소스 컨트롤이 꺼졌습니다.
[2022.09.05-03.52.42:820][  0]SourceControl: 소스 컨트롤이 꺼졌습니다.
[2022.09.05-03.52.42:833][  0]LogUProjectInfo: Found projects:
[2022.09.05-03.52.43:038][  0]LogOpenImageDenoise: OIDN starting up
[2022.09.05-03.52.43:197][  0]LogAndroidPermission: UAndroidPermissionCallbackProxy::GetInstance
[2022.09.05-03.52.43:234][  0]LogAudioCaptureCore: Display: No Audio Capture implementations found. Audio input will be silent.
[2022.09.05-03.52.43:234][  0]LogAudioCaptureCore: Display: No Audio Capture implementations found. Audio input will be silent.
[2022.09.05-03.52.43:401][  0]LogCollectionManager: Loaded 0 collections in 0.002232 seconds
[2022.09.05-03.52.43:446][  0]LogFileCache: Scanning file cache for directory 'C:/unrealmeta2/ue_git/Saved/Collections/' took 0.00s
[2022.09.05-03.52.43:447][  0]LogFileCache: Scanning file cache for directory 'C:/unrealmeta2/ue_git/Content/Developers/USER/Collections/' took 0.00s
[2022.09.05-03.52.43:447][  0]LogFileCache: Scanning file cache for directory 'C:/unrealmeta2/ue_git/Content/Collections/' took 0.00s
[2022.09.05-03.52.43:447][  0]LogOcInput: OculusInput pre-init called
[2022.09.05-03.52.43:945][  0]LogClass: Display: Int8Property FMTSJson::version is not initialized properly. Module:MegascansPlugin File:Private/Utilities/MTSReader.h
[2022.09.05-03.52.43:945][  0]LogClass: Display: Int16Property FMTSJson::resolutionValue is not initialized properly. Module:MegascansPlugin File:Private/Utilities/MTSReader.h
[2022.09.05-03.52.43:945][  0]LogClass: Display: BoolProperty FMTSJson::isExternal is not initialized properly. Module:MegascansPlugin File:Private/Utilities/MTSReader.h
[2022.09.05-03.52.43:945][  0]LogClass: Display: Int8Property FMTSJson::meshVersion is not initialized properly. Module:MegascansPlugin File:Private/Utilities/MTSReader.h
[2022.09.05-03.52.43:945][  0]LogClass: Display: BoolProperty FMTSJson::isCustom is not initialized properly. Module:MegascansPlugin File:Private/Utilities/MTSReader.h
[2022.09.05-03.52.43:945][  0]LogClass: Display: BoolProperty FMTSJson::isModularAsset is not initialized properly. Module:MegascansPlugin File:Private/Utilities/MTSReader.h
[2022.09.05-03.52.43:945][  0]LogClass: Display: Int8Property FLodList::variation is not initialized properly. Module:MegascansPlugin File:Private/Utilities/MTSReader.h
[2022.09.05-03.52.43:945][  0]LogClass: Display: Int16Property FMeshList::resolution is not initialized properly. Module:MegascansPlugin File:Private/Utilities/MTSReader.h
[2022.09.05-03.52.43:945][  0]LogClass: Display: Int16Property FComponents::resolution is not initialized properly. Module:MegascansPlugin File:Private/Utilities/MTSReader.h
[2022.09.05-03.52.43:945][  0]LogClass: Display: BoolProperty FTextureSets::isUdim is not initialized properly. Module:MegascansPlugin File:Private/Utilities/MTSReader.h
[2022.09.05-03.52.43:945][  0]LogClass: Display: BoolProperty FMeta::value is not initialized properly. Module:MegascansPlugin File:Private/Utilities/MTSReader.h
[2022.09.05-03.52.43:945][  0]LogClass: Display: 11 Uninitialized script struct members found including 0 object properties
[2022.09.05-03.52.43:946][  0]LogEngine: Initializing Engine...
[2022.09.05-03.52.43:952][  0]LogHMD: Failed to enumerate extensions. Please check that you have a valid OpenXR runtime installed.
[2022.09.05-03.52.43:953][  0]LogHMD: Failed to initialize OpenVR with code 110
[2022.09.05-03.52.43:953][  0]LogMagicLeap: Warning: VR disabled because ZI is not enabled.  To enable, in the editor, Edit -> Project Settings -> Plugins -> Magic Leap Plugin -> Enable Zero Iteration
[2022.09.05-03.52.43:954][  0]LogStats: UGameplayTagsManager::InitializeManager -  0.000 s
[2022.09.05-03.52.44:074][  0]LogInit: Initializing FReadOnlyCVARCache
[2022.09.05-03.52.44:085][  0]LogAIModule: Creating AISystem for world Untitled
[2022.09.05-03.52.44:087][  0]LogAudio: Display: Initializing Audio Device Manager...
[2022.09.05-03.52.44:093][  0]LogAudio: Display: Loading Default Audio Settings Objects...
[2022.09.05-03.52.44:094][  0]LogAudio: Display: No default SoundConcurrencyObject specified (or failed to load).
[2022.09.05-03.52.44:094][  0]LogAudio: Display: Audio Device Manager Initialized
[2022.09.05-03.52.44:094][  0]LogAudio: Display: Creating Audio Device:                 Id: 1, Scope: Shared, Realtime: True
[2022.09.05-03.52.44:094][  0]LogAudioMixer: Display: Audio Mixer Platform Settings:
[2022.09.05-03.52.44:094][  0]LogAudioMixer: Display: 	Sample Rate:						  48000
[2022.09.05-03.52.44:094][  0]LogAudioMixer: Display: 	Callback Buffer Frame Size Requested: 1024
[2022.09.05-03.52.44:094][  0]LogAudioMixer: Display: 	Callback Buffer Frame Size To Use:	  1024
[2022.09.05-03.52.44:094][  0]LogAudioMixer: Display: 	Number of buffers to queue:			  2
[2022.09.05-03.52.44:094][  0]LogAudioMixer: Display: 	Max Channels (voices):				  32
[2022.09.05-03.52.44:094][  0]LogAudioMixer: Display: 	Number of Async Source Workers:		  0
[2022.09.05-03.52.44:094][  0]LogAudio: Display: AudioDevice MaxSources: 32
[2022.09.05-03.52.44:094][  0]LogAudio: Display: Audio Spatialization Plugin: None (built-in).
[2022.09.05-03.52.44:094][  0]LogAudio: Display: Audio Reverb Plugin: None (built-in).
[2022.09.05-03.52.44:095][  0]LogAudio: Display: Audio Occlusion Plugin: None (built-in).
[2022.09.05-03.52.44:095][  0]LogAudioMixer: Display: Initializing audio mixer.
[2022.09.05-03.52.44:118][  0]LogAudioMixer: Display: 0: FrontLeft
[2022.09.05-03.52.44:118][  0]LogAudioMixer: Display: 1: FrontRight
[2022.09.05-03.52.44:157][  0]LogAudioMixer: Display: Using Audio Device 스피커(Realtek(R) Audio)
[2022.09.05-03.52.44:158][  0]LogAudioMixer: Display: Initializing Sound Submixes...
[2022.09.05-03.52.44:162][  0]LogAudioMixer: Display: Creating Master Submix 'MasterSubmixDefault'
[2022.09.05-03.52.44:162][  0]LogAudioMixer: Display: Creating Master Submix 'MasterReverbSubmixDefault'
[2022.09.05-03.52.44:163][  0]LogAudioMixer: Display: Creating Master Submix 'MasterEQSubmixDefault'
[2022.09.05-03.52.44:163][  0]LogAudioMixer: FMixerPlatformXAudio2::StartAudioStream() called
[2022.09.05-03.52.44:163][  0]LogAudioMixer: Display: Output buffers initialized: Frames=1024, Channels=2, Samples=2048
[2022.09.05-03.52.44:163][  0]LogAudioMixer: Display: Starting AudioMixerPlatformInterface::RunInternal()
[2022.09.05-03.52.44:163][  0]LogAudioMixer: Display: FMixerPlatformXAudio2::SubmitBuffer() called for the first time
[2022.09.05-03.52.44:163][  0]LogInit: FAudioDevice initialized.
[2022.09.05-03.52.44:164][  0]LogAudio: Display: Audio Device (ID: 1) registered with world 'Untitled'.
[2022.09.05-03.52.44:164][  0]LogNetVersion: Set ProjectVersion to 1.0.0.0. Version Checksum will be recalculated on next use.
[2022.09.05-03.52.44:209][  0]LogDerivedDataCache: Saved boot cache 0.05s 94MB C:/Users/USER/AppData/Local/UnrealEngine/4.27/DerivedDataCache/Boot.ddc.
[2022.09.05-03.52.44:209][  0]LogInit: Texture streaming: Enabled
[2022.09.05-03.52.44:229][  0]LogAnalytics: Display: [UEEditor.Rocket.Release] APIServer = https://datarouter.ol.epicgames.com/. AppVersion = 4.27.2-18319896+++UE4+Release-4.27
[2022.09.05-03.52.44:236][  0]LogEngineSessionManager: EngineSessionManager initialized
[2022.09.05-03.52.44:236][  0]LogEditorSessionSummary: Verbose: Initializing EditorSessionSummaryWriter for editor session tracking
[2022.09.05-03.52.44:241][  0]LogEditorSessionSummary: EditorSessionSummaryWriter initialized
[2022.09.05-03.52.44:269][  0]LogInit: Transaction tracking system initialized
[2022.09.05-03.52.44:304][  0]BlueprintLog: New page: 에디터 로드
[2022.09.05-03.52.44:418][  0]LocalizationService: 현지화 서비스가 비활성화되었습니다.
[2022.09.05-03.52.44:455][  0]TimingProfiler: Initialize
[2022.09.05-03.52.44:456][  0]TimingProfiler: OnSessionChanged
[2022.09.05-03.52.44:456][  0]LoadingProfiler: Initialize
[2022.09.05-03.52.44:456][  0]LoadingProfiler: OnSessionChanged
[2022.09.05-03.52.44:456][  0]NetworkingProfiler: Initialize
[2022.09.05-03.52.44:456][  0]NetworkingProfiler: OnSessionChanged
[2022.09.05-03.52.44:456][  0]MemoryProfiler: Initialize
[2022.09.05-03.52.44:456][  0]MemoryProfiler: OnSessionChanged
[2022.09.05-03.52.44:674][  0]LogCook: Display: CookSettings for Memory: MemoryMaxUsedVirtual 0MiB, MemoryMaxUsedPhysical 16384MiB, MemoryMinFreeVirtual 0MiB, MemoryMinFreePhysical 1024MiB
[2022.09.05-03.52.44:675][  0]LogCook: Display: Mobile HDR setting 1
[2022.09.05-03.52.44:936][  0]LogFileCache: Scanning file cache for directory 'C:/unrealmeta2/ue_git/Content/' took 0.00s
[2022.09.05-03.52.45:118][  0]LogInit: Display: Engine is initialized. Leaving FEngineLoop::Init()
[2022.09.05-03.52.45:123][  0]SourceControl: 소스 컨트롤이 꺼졌습니다.
[2022.09.05-03.52.45:124][  0]LogUnrealEdMisc: Loading editor; pre map load, took 8.508
[2022.09.05-03.52.45:124][  0]Cmd: MAP LOAD FILE="../../../Engine/Content/Maps/Templates/Template_Default.umap" TEMPLATE=1 SHOWPROGRESS=1 FEATURELEVEL=3
[2022.09.05-03.52.45:124][  0]LightingResults: New page: 라이팅 빌드
[2022.09.05-03.52.45:125][  0]LogWorld: UWorld::CleanupWorld for Untitled, bSessionEnded=true, bCleanupResources=true
[2022.09.05-03.52.45:126][  0]LogSlate: InvalidateAllWidgets triggered.  All widgets were invalidated
[2022.09.05-03.52.45:126][  0]MapCheck: New page: 맵 체크
[2022.09.05-03.52.45:126][  0]LightingResults: New page: 라이팅 빌드
[2022.09.05-03.52.45:128][  0]LogAudio: Display: Audio Device unregistered from world 'None'.
[2022.09.05-03.52.45:134][  0]LogUObjectHash: Compacting FUObjectHashTables data took   0.68ms
[2022.09.05-03.52.45:185][  0]LogTexture: Display: 텍스처 빌드: DeprecatedTextureEB9CBE3C423008B5E8E130901E171C89 (BGRA8, 128X128)
[2022.09.05-03.52.45:189][  0]LogAudio: Display: Audio Device (ID: 1) registered with world 'Untitled_1'.
[2022.09.05-03.52.45:190][  0]LogAIModule: Creating AISystem for world Untitled_1
[2022.09.05-03.52.45:193][  0]LogEditorServer: Finished looking for orphan Actors (0.000 secs)
[2022.09.05-03.52.45:198][  0]LogUObjectHash: Compacting FUObjectHashTables data took   0.70ms
[2022.09.05-03.52.45:198][  0]Cmd: MAP CHECKDEP NOCLEARLOG
[2022.09.05-03.52.45:198][  0]MapCheck: 맵 체크 완료: 오류 0 회, 경고 0 회, 소요 시간 0.407ms.
[2022.09.05-03.52.45:198][  0]LogFileHelpers: Loading map 'Template_Default' took 0.075
[2022.09.05-03.52.45:200][  0]LogUnrealEdMisc: Total Editor Startup Time, took 8.584
[2022.09.05-03.52.45:360][  0]LogSlate: Updating window title bar state: overlay mode, drag disabled, window buttons hidden, title bar hidden
[2022.09.05-03.52.45:365][  0]LogSlate: Updating window title bar state: overlay mode, drag disabled, window buttons hidden, title bar hidden
[2022.09.05-03.52.45:369][  0]LogSlate: Updating window title bar state: overlay mode, drag disabled, window buttons hidden, title bar hidden
[2022.09.05-03.52.45:374][  0]LogSlate: Updating window title bar state: overlay mode, drag disabled, window buttons hidden, title bar hidden
[2022.09.05-03.52.45:400][  0]LogNativeClassHierarchy: Verbose: Native class hierarchy populated in 0.0083 seconds. Added 3833 classes and 935 folders.
[2022.09.05-03.52.45:406][  0]LogNativeClassHierarchy: Verbose: Native class hierarchy updated for 'WidgetCarousel' in 0.0003 seconds. Added 0 classes and 0 folders.
[2022.09.05-03.52.45:408][  0]LogPakFile: PakFile PrimaryIndexSize=187
[2022.09.05-03.52.45:408][  0]LogPakFile: PakFile PathHashIndexSize=101
[2022.09.05-03.52.45:408][  0]LogPakFile: PakFile FullDirectoryIndexSize=148
[2022.09.05-03.52.45:408][  0]LogShaderLibrary: Display: ShaderCodeLibraryPakFileMountedCallback: PakFile 'C:/Program Files/Epic Games/UE_4.27/FeaturePacks/FP_FirstPerson.upack' (chunk index -1, root 'root:/') mounted
[2022.09.05-03.52.45:408][  0]LogShaderLibrary: Display: ShaderCodeLibraryPakFileMountedCallback: pending pak file info (ChunkID:-1 Root:root:/ File:C:/Program Files/Epic Games/UE_4.27/FeaturePacks/FP_FirstPerson.upack)
[2022.09.05-03.52.45:408][  0]LogPakFile: OnPakFileMounted2Time == 0.000049
[2022.09.05-03.52.45:409][  0]LogPakFile: PakFile PrimaryIndexSize=189
[2022.09.05-03.52.45:409][  0]LogPakFile: PakFile PathHashIndexSize=101
[2022.09.05-03.52.45:409][  0]LogPakFile: PakFile FullDirectoryIndexSize=152
[2022.09.05-03.52.45:409][  0]LogShaderLibrary: Display: ShaderCodeLibraryPakFileMountedCallback: PakFile 'C:/Program Files/Epic Games/UE_4.27/FeaturePacks/FP_FirstPersonBP.upack' (chunk index -1, root 'root:/') mounted
[2022.09.05-03.52.45:409][  0]LogShaderLibrary: Display: ShaderCodeLibraryPakFileMountedCallback: pending pak file info (ChunkID:-1 Root:root:/ File:C:/Program Files/Epic Games/UE_4.27/FeaturePacks/FP_FirstPersonBP.upack)
[2022.09.05-03.52.45:409][  0]LogPakFile: OnPakFileMounted2Time == 0.000046
[2022.09.05-03.52.45:410][  0]LogPakFile: PakFile PrimaryIndexSize=191
[2022.09.05-03.52.45:410][  0]LogPakFile: PakFile PathHashIndexSize=101
[2022.09.05-03.52.45:410][  0]LogPakFile: PakFile FullDirectoryIndexSize=160
[2022.09.05-03.52.45:410][  0]LogShaderLibrary: Display: ShaderCodeLibraryPakFileMountedCallback: PakFile 'C:/Program Files/Epic Games/UE_4.27/FeaturePacks/MobileStarterContent.upack' (chunk index -1, root 'root:/') mounted
[2022.09.05-03.52.45:410][  0]LogShaderLibrary: Display: ShaderCodeLibraryPakFileMountedCallback: pending pak file info (ChunkID:-1 Root:root:/ File:C:/Program Files/Epic Games/UE_4.27/FeaturePacks/MobileStarterContent.upack)
[2022.09.05-03.52.45:410][  0]LogPakFile: OnPakFileMounted2Time == 0.000025
[2022.09.05-03.52.45:411][  0]LogPakFile: PakFile PrimaryIndexSize=185
[2022.09.05-03.52.45:411][  0]LogPakFile: PakFile PathHashIndexSize=101
[2022.09.05-03.52.45:411][  0]LogPakFile: PakFile FullDirectoryIndexSize=148
[2022.09.05-03.52.45:411][  0]LogShaderLibrary: Display: ShaderCodeLibraryPakFileMountedCallback: PakFile 'C:/Program Files/Epic Games/UE_4.27/FeaturePacks/StarterContent.upack' (chunk index -1, root 'root:/') mounted
[2022.09.05-03.52.45:411][  0]LogShaderLibrary: Display: ShaderCodeLibraryPakFileMountedCallback: pending pak file info (ChunkID:-1 Root:root:/ File:C:/Program Files/Epic Games/UE_4.27/FeaturePacks/StarterContent.upack)
[2022.09.05-03.52.45:411][  0]LogPakFile: OnPakFileMounted2Time == 0.000030
[2022.09.05-03.52.45:412][  0]LogPakFile: PakFile PrimaryIndexSize=190
[2022.09.05-03.52.45:412][  0]LogPakFile: PakFile PathHashIndexSize=101
[2022.09.05-03.52.45:412][  0]LogPakFile: PakFile FullDirectoryIndexSize=154
[2022.09.05-03.52.45:412][  0]LogShaderLibrary: Display: ShaderCodeLibraryPakFileMountedCallback: PakFile 'C:/Program Files/Epic Games/UE_4.27/FeaturePacks/TP_2DSideScroller.upack' (chunk index -1, root 'root:/') mounted
[2022.09.05-03.52.45:412][  0]LogShaderLibrary: Display: ShaderCodeLibraryPakFileMountedCallback: pending pak file info (ChunkID:-1 Root:root:/ File:C:/Program Files/Epic Games/UE_4.27/FeaturePacks/TP_2DSideScroller.upack)
[2022.09.05-03.52.45:412][  0]LogPakFile: OnPakFileMounted2Time == 0.000025
[2022.09.05-03.52.45:413][  0]LogPakFile: PakFile PrimaryIndexSize=192
[2022.09.05-03.52.45:413][  0]LogPakFile: PakFile PathHashIndexSize=101
[2022.09.05-03.52.45:413][  0]LogPakFile: PakFile FullDirectoryIndexSize=158
[2022.09.05-03.52.45:413][  0]LogShaderLibrary: Display: ShaderCodeLibraryPakFileMountedCallback: PakFile 'C:/Program Files/Epic Games/UE_4.27/FeaturePacks/TP_2DSideScrollerBP.upack' (chunk index -1, root 'root:/') mounted
[2022.09.05-03.52.45:413][  0]LogShaderLibrary: Display: ShaderCodeLibraryPakFileMountedCallback: pending pak file info (ChunkID:-1 Root:root:/ File:C:/Program Files/Epic Games/UE_4.27/FeaturePacks/TP_2DSideScrollerBP.upack)
[2022.09.05-03.52.45:413][  0]LogPakFile: OnPakFileMounted2Time == 0.000024
[2022.09.05-03.52.45:413][  0]LogPakFile: PakFile PrimaryIndexSize=182
[2022.09.05-03.52.45:413][  0]LogPakFile: PakFile PathHashIndexSize=101
[2022.09.05-03.52.45:413][  0]LogPakFile: PakFile FullDirectoryIndexSize=138
[2022.09.05-03.52.45:413][  0]LogShaderLibrary: Display: ShaderCodeLibraryPakFileMountedCallback: PakFile 'C:/Program Files/Epic Games/UE_4.27/FeaturePacks/TP_Flying.upack' (chunk index -1, root 'root:/') mounted
[2022.09.05-03.52.45:413][  0]LogShaderLibrary: Display: ShaderCodeLibraryPakFileMountedCallback: pending pak file info (ChunkID:-1 Root:root:/ File:C:/Program Files/Epic Games/UE_4.27/FeaturePacks/TP_Flying.upack)
[2022.09.05-03.52.45:413][  0]LogPakFile: OnPakFileMounted2Time == 0.000025
[2022.09.05-03.52.45:414][  0]LogPakFile: PakFile PrimaryIndexSize=184
[2022.09.05-03.52.45:414][  0]LogPakFile: PakFile PathHashIndexSize=101
[2022.09.05-03.52.45:414][  0]LogPakFile: PakFile FullDirectoryIndexSize=142
[2022.09.05-03.52.45:414][  0]LogShaderLibrary: Display: ShaderCodeLibraryPakFileMountedCallback: PakFile 'C:/Program Files/Epic Games/UE_4.27/FeaturePacks/TP_FlyingBP.upack' (chunk index -1, root 'root:/') mounted
[2022.09.05-03.52.45:414][  0]LogShaderLibrary: Display: ShaderCodeLibraryPakFileMountedCallback: pending pak file info (ChunkID:-1 Root:root:/ File:C:/Program Files/Epic Games/UE_4.27/FeaturePacks/TP_FlyingBP.upack)
[2022.09.05-03.52.45:414][  0]LogPakFile: OnPakFileMounted2Time == 0.000024
[2022.09.05-03.52.45:415][  0]LogPakFile: PakFile PrimaryIndexSize=188
[2022.09.05-03.52.45:415][  0]LogPakFile: PakFile PathHashIndexSize=101
[2022.09.05-03.52.45:415][  0]LogPakFile: PakFile FullDirectoryIndexSize=150
[2022.09.05-03.52.45:415][  0]LogShaderLibrary: Display: ShaderCodeLibraryPakFileMountedCallback: PakFile 'C:/Program Files/Epic Games/UE_4.27/FeaturePacks/TP_HandheldARBP.upack' (chunk index -1, root 'root:/') mounted
[2022.09.05-03.52.45:415][  0]LogShaderLibrary: Display: ShaderCodeLibraryPakFileMountedCallback: pending pak file info (ChunkID:-1 Root:root:/ File:C:/Program Files/Epic Games/UE_4.27/FeaturePacks/TP_HandheldARBP.upack)
[2022.09.05-03.52.45:415][  0]LogPakFile: OnPakFileMounted2Time == 0.000024
[2022.09.05-03.52.45:416][  0]LogPakFile: PakFile PrimaryIndexSize=182
[2022.09.05-03.52.45:416][  0]LogPakFile: PakFile PathHashIndexSize=101
[2022.09.05-03.52.45:416][  0]LogPakFile: PakFile FullDirectoryIndexSize=138
[2022.09.05-03.52.45:416][  0]LogShaderLibrary: Display: ShaderCodeLibraryPakFileMountedCallback: PakFile 'C:/Program Files/Epic Games/UE_4.27/FeaturePacks/TP_Puzzle.upack' (chunk index -1, root 'root:/') mounted
[2022.09.05-03.52.45:416][  0]LogShaderLibrary: Display: ShaderCodeLibraryPakFileMountedCallback: pending pak file info (ChunkID:-1 Root:root:/ File:C:/Program Files/Epic Games/UE_4.27/FeaturePacks/TP_Puzzle.upack)
[2022.09.05-03.52.45:416][  0]LogPakFile: OnPakFileMounted2Time == 0.000027
[2022.09.05-03.52.45:417][  0]LogPakFile: PakFile PrimaryIndexSize=184
[2022.09.05-03.52.45:417][  0]LogPakFile: PakFile PathHashIndexSize=101
[2022.09.05-03.52.45:417][  0]LogPakFile: PakFile FullDirectoryIndexSize=142
[2022.09.05-03.52.45:417][  0]LogShaderLibrary: Display: ShaderCodeLibraryPakFileMountedCallback: PakFile 'C:/Program Files/Epic Games/UE_4.27/FeaturePacks/TP_PuzzleBP.upack' (chunk index -1, root 'root:/') mounted
[2022.09.05-03.52.45:417][  0]LogShaderLibrary: Display: ShaderCodeLibraryPakFileMountedCallback: pending pak file info (ChunkID:-1 Root:root:/ File:C:/Program Files/Epic Games/UE_4.27/FeaturePacks/TP_PuzzleBP.upack)
[2022.09.05-03.52.45:417][  0]LogPakFile: OnPakFileMounted2Time == 0.000026
[2022.09.05-03.52.45:418][  0]LogPakFile: PakFile PrimaryIndexSize=183
[2022.09.05-03.52.45:418][  0]LogPakFile: PakFile PathHashIndexSize=101
[2022.09.05-03.52.45:418][  0]LogPakFile: PakFile FullDirectoryIndexSize=140
[2022.09.05-03.52.45:418][  0]LogShaderLibrary: Display: ShaderCodeLibraryPakFileMountedCallback: PakFile 'C:/Program Files/Epic Games/UE_4.27/FeaturePacks/TP_Rolling.upack' (chunk index -1, root 'root:/') mounted
[2022.09.05-03.52.45:418][  0]LogShaderLibrary: Display: ShaderCodeLibraryPakFileMountedCallback: pending pak file info (ChunkID:-1 Root:root:/ File:C:/Program Files/Epic Games/UE_4.27/FeaturePacks/TP_Rolling.upack)
[2022.09.05-03.52.45:418][  0]LogPakFile: OnPakFileMounted2Time == 0.000025
[2022.09.05-03.52.45:419][  0]LogPakFile: PakFile PrimaryIndexSize=185
[2022.09.05-03.52.45:419][  0]LogPakFile: PakFile PathHashIndexSize=101
[2022.09.05-03.52.45:419][  0]LogPakFile: PakFile FullDirectoryIndexSize=144
[2022.09.05-03.52.45:419][  0]LogShaderLibrary: Display: ShaderCodeLibraryPakFileMountedCallback: PakFile 'C:/Program Files/Epic Games/UE_4.27/FeaturePacks/TP_RollingBP.upack' (chunk index -1, root 'root:/') mounted
[2022.09.05-03.52.45:419][  0]LogShaderLibrary: Display: ShaderCodeLibraryPakFileMountedCallback: pending pak file info (ChunkID:-1 Root:root:/ File:C:/Program Files/Epic Games/UE_4.27/FeaturePacks/TP_RollingBP.upack)
[2022.09.05-03.52.45:419][  0]LogPakFile: OnPakFileMounted2Time == 0.000024
[2022.09.05-03.52.45:420][  0]LogPakFile: PakFile PrimaryIndexSize=188
[2022.09.05-03.52.45:420][  0]LogPakFile: PakFile PathHashIndexSize=101
[2022.09.05-03.52.45:420][  0]LogPakFile: PakFile FullDirectoryIndexSize=150
[2022.09.05-03.52.45:420][  0]LogShaderLibrary: Display: ShaderCodeLibraryPakFileMountedCallback: PakFile 'C:/Program Files/Epic Games/UE_4.27/FeaturePacks/TP_SideScroller.upack' (chunk index -1, root 'root:/') mounted
[2022.09.05-03.52.45:420][  0]LogShaderLibrary: Display: ShaderCodeLibraryPakFileMountedCallback: pending pak file info (ChunkID:-1 Root:root:/ File:C:/Program Files/Epic Games/UE_4.27/FeaturePacks/TP_SideScroller.upack)
[2022.09.05-03.52.45:420][  0]LogPakFile: OnPakFileMounted2Time == 0.000024
[2022.09.05-03.52.45:421][  0]LogPakFile: PakFile PrimaryIndexSize=190
[2022.09.05-03.52.45:421][  0]LogPakFile: PakFile PathHashIndexSize=101
[2022.09.05-03.52.45:421][  0]LogPakFile: PakFile FullDirectoryIndexSize=154
[2022.09.05-03.52.45:421][  0]LogShaderLibrary: Display: ShaderCodeLibraryPakFileMountedCallback: PakFile 'C:/Program Files/Epic Games/UE_4.27/FeaturePacks/TP_SideScrollerBP.upack' (chunk index -1, root 'root:/') mounted
[2022.09.05-03.52.45:421][  0]LogShaderLibrary: Display: ShaderCodeLibraryPakFileMountedCallback: pending pak file info (ChunkID:-1 Root:root:/ File:C:/Program Files/Epic Games/UE_4.27/FeaturePacks/TP_SideScrollerBP.upack)
[2022.09.05-03.52.45:421][  0]LogPakFile: OnPakFileMounted2Time == 0.000030
[2022.09.05-03.52.45:422][  0]LogPakFile: PakFile PrimaryIndexSize=187
[2022.09.05-03.52.45:422][  0]LogPakFile: PakFile PathHashIndexSize=101
[2022.09.05-03.52.45:422][  0]LogPakFile: PakFile FullDirectoryIndexSize=148
[2022.09.05-03.52.45:422][  0]LogShaderLibrary: Display: ShaderCodeLibraryPakFileMountedCallback: PakFile 'C:/Program Files/Epic Games/UE_4.27/FeaturePacks/TP_ThirdPerson.upack' (chunk index -1, root 'root:/') mounted
[2022.09.05-03.52.45:422][  0]LogShaderLibrary: Display: ShaderCodeLibraryPakFileMountedCallback: pending pak file info (ChunkID:-1 Root:root:/ File:C:/Program Files/Epic Games/UE_4.27/FeaturePacks/TP_ThirdPerson.upack)
[2022.09.05-03.52.45:422][  0]LogPakFile: OnPakFileMounted2Time == 0.000025
[2022.09.05-03.52.45:422][  0]LogPakFile: PakFile PrimaryIndexSize=189
[2022.09.05-03.52.45:422][  0]LogPakFile: PakFile PathHashIndexSize=101
[2022.09.05-03.52.45:422][  0]LogPakFile: PakFile FullDirectoryIndexSize=152
[2022.09.05-03.52.45:422][  0]LogShaderLibrary: Display: ShaderCodeLibraryPakFileMountedCallback: PakFile 'C:/Program Files/Epic Games/UE_4.27/FeaturePacks/TP_ThirdPersonBP.upack' (chunk index -1, root 'root:/') mounted
[2022.09.05-03.52.45:422][  0]LogShaderLibrary: Display: ShaderCodeLibraryPakFileMountedCallback: pending pak file info (ChunkID:-1 Root:root:/ File:C:/Program Files/Epic Games/UE_4.27/FeaturePacks/TP_ThirdPersonBP.upack)
[2022.09.05-03.52.45:423][  0]LogPakFile: OnPakFileMounted2Time == 0.000024
[2022.09.05-03.52.45:423][  0]LogPakFile: PakFile PrimaryIndexSize=183
[2022.09.05-03.52.45:423][  0]LogPakFile: PakFile PathHashIndexSize=101
[2022.09.05-03.52.45:423][  0]LogPakFile: PakFile FullDirectoryIndexSize=140
[2022.09.05-03.52.45:423][  0]LogShaderLibrary: Display: ShaderCodeLibraryPakFileMountedCallback: PakFile 'C:/Program Files/Epic Games/UE_4.27/FeaturePacks/TP_TopDown.upack' (chunk index -1, root 'root:/') mounted
[2022.09.05-03.52.45:423][  0]LogShaderLibrary: Display: ShaderCodeLibraryPakFileMountedCallback: pending pak file info (ChunkID:-1 Root:root:/ File:C:/Program Files/Epic Games/UE_4.27/FeaturePacks/TP_TopDown.upack)
[2022.09.05-03.52.45:423][  0]LogPakFile: OnPakFileMounted2Time == 0.000033
[2022.09.05-03.52.45:424][  0]LogPakFile: PakFile PrimaryIndexSize=185
[2022.09.05-03.52.45:424][  0]LogPakFile: PakFile PathHashIndexSize=101
[2022.09.05-03.52.45:424][  0]LogPakFile: PakFile FullDirectoryIndexSize=144
[2022.09.05-03.52.45:424][  0]LogShaderLibrary: Display: ShaderCodeLibraryPakFileMountedCallback: PakFile 'C:/Program Files/Epic Games/UE_4.27/FeaturePacks/TP_TopDownBP.upack' (chunk index -1, root 'root:/') mounted
[2022.09.05-03.52.45:424][  0]LogShaderLibrary: Display: ShaderCodeLibraryPakFileMountedCallback: pending pak file info (ChunkID:-1 Root:root:/ File:C:/Program Files/Epic Games/UE_4.27/FeaturePacks/TP_TopDownBP.upack)
[2022.09.05-03.52.45:424][  0]LogPakFile: OnPakFileMounted2Time == 0.000025
[2022.09.05-03.52.45:425][  0]LogPakFile: PakFile PrimaryIndexSize=185
[2022.09.05-03.52.45:425][  0]LogPakFile: PakFile PathHashIndexSize=101
[2022.09.05-03.52.45:425][  0]LogPakFile: PakFile FullDirectoryIndexSize=144
[2022.09.05-03.52.45:425][  0]LogShaderLibrary: Display: ShaderCodeLibraryPakFileMountedCallback: PakFile 'C:/Program Files/Epic Games/UE_4.27/FeaturePacks/TP_TwinStick.upack' (chunk index -1, root 'root:/') mounted
[2022.09.05-03.52.45:425][  0]LogShaderLibrary: Display: ShaderCodeLibraryPakFileMountedCallback: pending pak file info (ChunkID:-1 Root:root:/ File:C:/Program Files/Epic Games/UE_4.27/FeaturePacks/TP_TwinStick.upack)
[2022.09.05-03.52.45:425][  0]LogPakFile: OnPakFileMounted2Time == 0.000027
[2022.09.05-03.52.45:426][  0]LogPakFile: PakFile PrimaryIndexSize=187
[2022.09.05-03.52.45:426][  0]LogPakFile: PakFile PathHashIndexSize=101
[2022.09.05-03.52.45:426][  0]LogPakFile: PakFile FullDirectoryIndexSize=148
[2022.09.05-03.52.45:426][  0]LogShaderLibrary: Display: ShaderCodeLibraryPakFileMountedCallback: PakFile 'C:/Program Files/Epic Games/UE_4.27/FeaturePacks/TP_TwinStickBP.upack' (chunk index -1, root 'root:/') mounted
[2022.09.05-03.52.45:426][  0]LogShaderLibrary: Display: ShaderCodeLibraryPakFileMountedCallback: pending pak file info (ChunkID:-1 Root:root:/ File:C:/Program Files/Epic Games/UE_4.27/FeaturePacks/TP_TwinStickBP.upack)
[2022.09.05-03.52.45:426][  0]LogPakFile: OnPakFileMounted2Time == 0.000024
[2022.09.05-03.52.45:427][  0]LogPakFile: PakFile PrimaryIndexSize=183
[2022.09.05-03.52.45:427][  0]LogPakFile: PakFile PathHashIndexSize=101
[2022.09.05-03.52.45:427][  0]LogPakFile: PakFile FullDirectoryIndexSize=140
[2022.09.05-03.52.45:427][  0]LogShaderLibrary: Display: ShaderCodeLibraryPakFileMountedCallback: PakFile 'C:/Program Files/Epic Games/UE_4.27/FeaturePacks/TP_Vehicle.upack' (chunk index -1, root 'root:/') mounted
[2022.09.05-03.52.45:427][  0]LogShaderLibrary: Display: ShaderCodeLibraryPakFileMountedCallback: pending pak file info (ChunkID:-1 Root:root:/ File:C:/Program Files/Epic Games/UE_4.27/FeaturePacks/TP_Vehicle.upack)
[2022.09.05-03.52.45:427][  0]LogPakFile: OnPakFileMounted2Time == 0.000024
[2022.09.05-03.52.45:427][  0]LogPakFile: PakFile PrimaryIndexSize=186
[2022.09.05-03.52.45:427][  0]LogPakFile: PakFile PathHashIndexSize=101
[2022.09.05-03.52.45:427][  0]LogPakFile: PakFile FullDirectoryIndexSize=146
[2022.09.05-03.52.45:427][  0]LogShaderLibrary: Display: ShaderCodeLibraryPakFileMountedCallback: PakFile 'C:/Program Files/Epic Games/UE_4.27/FeaturePacks/TP_VehicleAdv.upack' (chunk index -1, root 'root:/') mounted
[2022.09.05-03.52.45:428][  0]LogShaderLibrary: Display: ShaderCodeLibraryPakFileMountedCallback: pending pak file info (ChunkID:-1 Root:root:/ File:C:/Program Files/Epic Games/UE_4.27/FeaturePacks/TP_VehicleAdv.upack)
[2022.09.05-03.52.45:428][  0]LogPakFile: OnPakFileMounted2Time == 0.000026
[2022.09.05-03.52.45:428][  0]LogPakFile: PakFile PrimaryIndexSize=188
[2022.09.05-03.52.45:428][  0]LogPakFile: PakFile PathHashIndexSize=101
[2022.09.05-03.52.45:428][  0]LogPakFile: PakFile FullDirectoryIndexSize=150
[2022.09.05-03.52.45:428][  0]LogShaderLibrary: Display: ShaderCodeLibraryPakFileMountedCallback: PakFile 'C:/Program Files/Epic Games/UE_4.27/FeaturePacks/TP_VehicleAdvBP.upack' (chunk index -1, root 'root:/') mounted
[2022.09.05-03.52.45:428][  0]LogShaderLibrary: Display: ShaderCodeLibraryPakFileMountedCallback: pending pak file info (ChunkID:-1 Root:root:/ File:C:/Program Files/Epic Games/UE_4.27/FeaturePacks/TP_VehicleAdvBP.upack)
[2022.09.05-03.52.45:428][  0]LogPakFile: OnPakFileMounted2Time == 0.000029
[2022.09.05-03.52.45:429][  0]LogPakFile: PakFile PrimaryIndexSize=185
[2022.09.05-03.52.45:429][  0]LogPakFile: PakFile PathHashIndexSize=101
[2022.09.05-03.52.45:429][  0]LogPakFile: PakFile FullDirectoryIndexSize=144
[2022.09.05-03.52.45:429][  0]LogShaderLibrary: Display: ShaderCodeLibraryPakFileMountedCallback: PakFile 'C:/Program Files/Epic Games/UE_4.27/FeaturePacks/TP_VehicleBP.upack' (chunk index -1, root 'root:/') mounted
[2022.09.05-03.52.45:429][  0]LogShaderLibrary: Display: ShaderCodeLibraryPakFileMountedCallback: pending pak file info (ChunkID:-1 Root:root:/ File:C:/Program Files/Epic Games/UE_4.27/FeaturePacks/TP_VehicleBP.upack)
[2022.09.05-03.52.45:429][  0]LogPakFile: OnPakFileMounted2Time == 0.000024
[2022.09.05-03.52.45:430][  0]LogPakFile: PakFile PrimaryIndexSize=192
[2022.09.05-03.52.45:430][  0]LogPakFile: PakFile PathHashIndexSize=101
[2022.09.05-03.52.45:430][  0]LogPakFile: PakFile FullDirectoryIndexSize=158
[2022.09.05-03.52.45:430][  0]LogShaderLibrary: Display: ShaderCodeLibraryPakFileMountedCallback: PakFile 'C:/Program Files/Epic Games/UE_4.27/FeaturePacks/TP_VirtualRealityBP.upack' (chunk index -1, root 'root:/') mounted
[2022.09.05-03.52.45:430][  0]LogShaderLibrary: Display: ShaderCodeLibraryPakFileMountedCallback: pending pak file info (ChunkID:-1 Root:root:/ File:C:/Program Files/Epic Games/UE_4.27/FeaturePacks/TP_VirtualRealityBP.upack)
[2022.09.05-03.52.45:430][  0]LogPakFile: OnPakFileMounted2Time == 0.000025
[2022.09.05-03.52.45:509][  0]LogNativeClassHierarchy: Verbose: Native class hierarchy updated for 'AddContentDialog' in 0.0003 seconds. Added 0 classes and 0 folders.
[2022.09.05-03.52.45:512][  0]LogNativeClassHierarchy: Verbose: Native class hierarchy updated for 'SceneOutliner' in 0.0002 seconds. Added 2 classes and 0 folders.
[2022.09.05-03.52.45:535][  0]LogNativeClassHierarchy: Verbose: Native class hierarchy updated for 'WorldBrowser' in 0.0003 seconds. Added 2 classes and 3 folders.
[2022.09.05-03.52.45:672][  0]LogSlate: Took 0.000383 seconds to synchronously load lazily loaded font '../../../Engine/Content/Slate/Fonts/Roboto-Regular.ttf' (155K)
[2022.09.05-03.52.45:674][  0]LogSlate: Took 0.001247 seconds to synchronously load lazily loaded font '../../../Engine/Content/Editor/Slate/Fonts/NanumGothic.ttf' (4243K)
[2022.09.05-03.52.45:675][  0]LogSlate: Took 0.000761 seconds to synchronously load lazily loaded font '../../../Engine/Content/Editor/Slate/Fonts/FontAwesome.ttf' (139K)
[2022.09.05-03.52.45:677][  0]LogSlate: Took 0.001397 seconds to synchronously load lazily loaded font '../../../Engine/Content/Editor/Slate/Fonts/NanumGothicBold.ttf' (4188K)
[2022.09.05-03.52.45:677][  0]LogSlate: Took 0.000289 seconds to synchronously load lazily loaded font '../../../Engine/Content/Slate/Fonts/Roboto-Bold.ttf' (160K)
[2022.09.05-03.52.45:764][  0]LogRenderer: Reallocating scene render targets to support 1152x672 Format 10 NumSamples 1 (Frame:1).
[2022.09.05-03.52.45:914][  0]LogNativeClassHierarchy: Verbose: Native class hierarchy updated for 'HierarchicalLODOutliner' in 0.0003 seconds. Added 0 classes and 0 folders.
[2022.09.05-03.52.45:914][  0]LogLoad: (Engine Initialization) Total time: 9.30 seconds
[2022.09.05-03.52.45:914][  0]LogLoad: (Engine Initialization) Total Blueprint compile time: 0.00 seconds
[2022.09.05-03.52.45:964][  0]LogAssetRegistry: Asset discovery search completed in 5.2905 seconds
[2022.09.05-03.52.45:972][  0]LogCollectionManager: Fixed up redirectors for 0 collections in 0.000004 seconds (updated 0 objects)
[2022.09.05-03.52.45:972][  0]LogContentStreaming: Texture pool size now 1000 MB
[2022.09.05-04.00.34:999][954]LogSlate: Took 0.001096 seconds to synchronously load lazily loaded font '../../../Engine/Content/Slate/Fonts/DroidSansMono.ttf' (77K)
[2022.09.05-04.00.35:037][954]LogSlate: Took 0.004926 seconds to synchronously load lazily loaded font '../../../Engine/Content/Editor/Slate/Fonts/NanumGothicExtraBold.ttf' (4074K)
[2022.09.05-04.00.49:927][840]LogSlate: Window '메시지 로그' being destroyed
[2022.09.05-04.00.49:932][840]LogSlate: Window '메시지 로그' being destroyed
[2022.09.05-04.00.56:093][204]LogSlate: Window '디바이스 출력 로그' being destroyed
[2022.09.05-04.00.56:098][204]LogSlate: Window '디바이스 출력 로그' being destroyed
[2022.09.05-04.27.48:125][343]LogSlate: Took 0.000259 seconds to synchronously load lazily loaded font '../../../Engine/Content/Slate/Fonts/Roboto-Light.ttf' (167K)
[2022.09.05-04.27.48:141][343]LogFactory: FactoryCreateFile: PackFactory with PackFactory (0 0 C:/Program Files/Epic Games/UE_4.27/FeaturePacks/TP_ThirdPersonBP.upack)
[2022.09.05-04.27.48:141][343]LogPakFile: PakFile PrimaryIndexSize=189
[2022.09.05-04.27.48:141][343]LogPakFile: PakFile PathHashIndexSize=101
[2022.09.05-04.27.48:141][343]LogPakFile: PakFile FullDirectoryIndexSize=152
[2022.09.05-04.27.48:164][343]LogPackFactory: Finished extracting 8 files (including 0 errors).
[2022.09.05-04.27.48:166][343]LogPackFactory: Copied "../../../Templates/TP_ThirdPersonBP/Content/ThirdPersonBP/ThirdPersonOverview.uasset" to "../../../../../../unrealmeta2/ue_git/Content/ThirdPersonBP/ThirdPersonOverview.uasset"
[2022.09.05-04.27.48:169][343]LogPackFactory: Copied "../../../Templates/TP_ThirdPersonBP/Content/ThirdPersonBP/Blueprints/ThirdPersonCharacter.uasset" to "../../../../../../unrealmeta2/ue_git/Content/ThirdPersonBP/Blueprints/ThirdPersonCharacter.uasset"
[2022.09.05-04.27.48:170][343]LogPackFactory: Copied "../../../Templates/TP_ThirdPersonBP/Content/ThirdPersonBP/Blueprints/ThirdPersonGameMode.uasset" to "../../../../../../unrealmeta2/ue_git/Content/ThirdPersonBP/Blueprints/ThirdPersonGameMode.uasset"
[2022.09.05-04.27.48:181][343]LogPackFactory: Copied "../../../Templates/TP_ThirdPersonBP/Content/ThirdPersonBP/Maps/ThirdPersonExampleMap.umap" to "../../../../../../unrealmeta2/ue_git/Content/ThirdPersonBP/Maps/ThirdPersonExampleMap.umap"
[2022.09.05-04.27.48:187][343]LogPackFactory: Copied "../../../Templates/TP_ThirdPersonBP/Content/ThirdPersonBP/Maps/ThirdPersonExampleMap_BuiltData.uasset" to "../../../../../../unrealmeta2/ue_git/Content/ThirdPersonBP/Maps/ThirdPersonExampleMap_BuiltData.uasset"
[2022.09.05-04.27.48:242][343]Cmd: OBJ SAVEPACKAGE PACKAGE="/Game/ThirdPersonBP/ThirdPersonOverview" FILE="../../../../../../unrealmeta2/ue_git/Content/ThirdPersonBP/ThirdPersonOverview.uasset" SILENT=true
[2022.09.05-04.27.48:255][343]LogSavePackage: Moving '../../../../../../unrealmeta2/ue_git/Saved/ThirdPersonOverviewD8D707E54C574F4415DD3098E7FFEA3D.tmp' to '../../../../../../unrealmeta2/ue_git/Content/ThirdPersonBP/ThirdPersonOverview.uasset'
[2022.09.05-04.27.48:274][343]AssetCheck: New page: 에셋 저장:  ThirdPersonOverview
[2022.09.05-04.27.48:274][343]LogContentValidation: Display: Blueprint /Game/ThirdPersonBP/ThirdPersonOverview.ThirdPersonOverview 유효성 검사 중
[2022.09.05-04.27.48:284][343]LogSlate: Took 0.000295 seconds to synchronously load lazily loaded font '../../../Engine/Content/Slate/Fonts/Roboto-Light.ttf' (167K)
[2022.09.05-04.28.16:125][ 11]LogSlate: Window '프로젝트에 콘텐츠 추가' being destroyed
